[1.366s] Invoking command in '/home/misfit/test_ws/src/listener': PYTHONPATH=/home/misfit/test_ws/src/install/listener/lib/python3.10/site-packages:${PYTHONPATH} /usr/bin/python3 setup.py egg_info --egg-base ../build/listener build --build-base /home/misfit/test_ws/src/build/listener/build install --prefix /home/misfit/test_ws/src/install/listener --record /home/misfit/test_ws/src/build/listener/install.log --single-version-externally-managed
[1.644s] running egg_info
[1.645s] creating ../build/listener/listener.egg-info
[1.645s] writing ../build/listener/listener.egg-info/PKG-INFO
[1.646s] writing dependency_links to ../build/listener/listener.egg-info/dependency_links.txt
[1.646s] writing entry points to ../build/listener/listener.egg-info/entry_points.txt
[1.647s] writing requirements to ../build/listener/listener.egg-info/requires.txt
[1.647s] writing top-level names to ../build/listener/listener.egg-info/top_level.txt
[1.647s] writing manifest file '../build/listener/listener.egg-info/SOURCES.txt'
[1.650s] reading manifest file '../build/listener/listener.egg-info/SOURCES.txt'
[1.651s] writing manifest file '../build/listener/listener.egg-info/SOURCES.txt'
[1.651s] running build
[1.651s] running build_py
[1.651s] creating /home/misfit/test_ws/src/build/listener/build
[1.651s] creating /home/misfit/test_ws/src/build/listener/build/lib
[1.652s] creating /home/misfit/test_ws/src/build/listener/build/lib/listener
[1.652s] copying listener/main.py -> /home/misfit/test_ws/src/build/listener/build/lib/listener
[1.652s] copying listener/__init__.py -> /home/misfit/test_ws/src/build/listener/build/lib/listener
[1.652s] running install
[1.652s] /usr/lib/python3/dist-packages/setuptools/command/install.py:34: SetuptoolsDeprecationWarning: setup.py install is deprecated. Use build and pip and other standards-based tools.
[1.652s]   warnings.warn(
[1.653s] running install_lib
[1.654s] creating /home/misfit/test_ws/src/install/listener/lib/python3.10/site-packages/listener
[1.654s] copying /home/misfit/test_ws/src/build/listener/build/lib/listener/main.py -> /home/misfit/test_ws/src/install/listener/lib/python3.10/site-packages/listener
[1.654s] copying /home/misfit/test_ws/src/build/listener/build/lib/listener/__init__.py -> /home/misfit/test_ws/src/install/listener/lib/python3.10/site-packages/listener
[1.655s] byte-compiling /home/misfit/test_ws/src/install/listener/lib/python3.10/site-packages/listener/main.py to main.cpython-310.pyc
[1.655s] byte-compiling /home/misfit/test_ws/src/install/listener/lib/python3.10/site-packages/listener/__init__.py to __init__.cpython-310.pyc
[1.656s] running install_data
[1.656s] creating /home/misfit/test_ws/src/install/listener/share/ament_index
[1.656s] creating /home/misfit/test_ws/src/install/listener/share/ament_index/resource_index
[1.656s] creating /home/misfit/test_ws/src/install/listener/share/ament_index/resource_index/packages
[1.657s] copying resource/listener -> /home/misfit/test_ws/src/install/listener/share/ament_index/resource_index/packages
[1.657s] copying package.xml -> /home/misfit/test_ws/src/install/listener/share/listener
[1.657s] running install_egg_info
[1.661s] Copying ../build/listener/listener.egg-info to /home/misfit/test_ws/src/install/listener/lib/python3.10/site-packages/listener-0.0.0-py3.10.egg-info
[1.661s] running install_scripts
[1.688s] Installing listener script to /home/misfit/test_ws/src/install/listener/lib/listener
[1.688s] writing list of installed files to '/home/misfit/test_ws/src/build/listener/install.log'
[1.770s] Invoked command in '/home/misfit/test_ws/src/listener' returned '0': PYTHONPATH=/home/misfit/test_ws/src/install/listener/lib/python3.10/site-packages:${PYTHONPATH} /usr/bin/python3 setup.py egg_info --egg-base ../build/listener build --build-base /home/misfit/test_ws/src/build/listener/build install --prefix /home/misfit/test_ws/src/install/listener --record /home/misfit/test_ws/src/build/listener/install.log --single-version-externally-managed
