[0.373s] DEBUG:colcon:Command line arguments: ['/usr/bin/colcon', 'build']
[0.373s] DEBUG:colcon:Parsed command line arguments: Namespace(log_base=None, log_level=None, verb_name='build', build_base='build', install_base='install', merge_install=False, symlink_install=False, test_result_base=None, continue_on_error=False, executor='parallel', parallel_workers=5, event_handlers=None, ignore_user_meta=False, metas=['./colcon.meta'], base_paths=['.'], packages_ignore=None, packages_ignore_regex=None, paths=None, packages_up_to=None, packages_up_to_regex=None, packages_above=None, packages_above_and_dependencies=None, packages_above_depth=None, packages_select_by_dep=None, packages_skip_by_dep=None, packages_skip_up_to=None, packages_select_build_failed=False, packages_skip_build_finished=False, packages_select_test_failures=False, packages_skip_test_passed=False, packages_select=None, packages_skip=None, packages_select_regex=None, packages_skip_regex=None, packages_start=None, packages_end=None, allow_overriding=[], ament_gradle_args=None, ament_gradle_task=None, cmake_args=None, cmake_target=None, cmake_target_skip_unavailable=False, cmake_clean_cache=False, cmake_clean_first=False, cmake_force_configure=False, gradle_args=None, gradle_task=None, ament_cmake_args=None, catkin_cmake_args=None, catkin_skip_building_tests=False, verb_parser=<colcon_defaults.argument_parser.defaults.DefaultArgumentsDecorator object at 0x7f929f87e680>, verb_extension=<colcon_core.verb.build.BuildVerb object at 0x7f92a02097b0>, main=<bound method BuildVerb.main of <colcon_core.verb.build.BuildVerb object at 0x7f92a02097b0>>)
[0.407s] Level 1:colcon.colcon_core.package_discovery:discover_packages(colcon_meta) check parameters
[0.407s] Level 1:colcon.colcon_core.package_discovery:discover_packages(recursive) check parameters
[0.407s] Level 1:colcon.colcon_core.package_discovery:discover_packages(ignore) check parameters
[0.407s] Level 1:colcon.colcon_core.package_discovery:discover_packages(path) check parameters
[0.407s] Level 1:colcon.colcon_core.package_discovery:discover_packages(colcon_meta) discover
[0.407s] Level 1:colcon.colcon_core.package_discovery:discover_packages(recursive) discover
[0.407s] INFO:colcon.colcon_core.package_discovery:Crawling recursively for packages in '/home/misfit/test_ws/src'
[0.407s] Level 1:colcon.colcon_core.package_identification:_identify(.) by extensions ['ignore', 'ignore_ament_install']
[0.407s] Level 1:colcon.colcon_core.package_identification:_identify(.) by extension 'ignore'
[0.407s] Level 1:colcon.colcon_core.package_identification:_identify(.) by extension 'ignore_ament_install'
[0.407s] Level 1:colcon.colcon_core.package_identification:_identify(.) by extensions ['colcon_pkg']
[0.407s] Level 1:colcon.colcon_core.package_identification:_identify(.) by extension 'colcon_pkg'
[0.407s] Level 1:colcon.colcon_core.package_identification:_identify(.) by extensions ['colcon_meta']
[0.407s] Level 1:colcon.colcon_core.package_identification:_identify(.) by extension 'colcon_meta'
[0.407s] Level 1:colcon.colcon_core.package_identification:_identify(.) by extensions ['ament_gradle']
[0.407s] Level 1:colcon.colcon_core.package_identification:_identify(.) by extension 'ament_gradle'
[0.408s] Level 1:colcon.colcon_core.package_identification:_identify(.) by extensions ['ros']
[0.408s] Level 1:colcon.colcon_core.package_identification:_identify(.) by extension 'ros'
[0.418s] Level 1:colcon.colcon_core.package_identification:_identify(.) by extensions ['cmake', 'gradle', 'python']
[0.418s] Level 1:colcon.colcon_core.package_identification:_identify(.) by extension 'cmake'
[0.418s] Level 1:colcon.colcon_core.package_identification:_identify(.) by extension 'gradle'
[0.418s] Level 1:colcon.colcon_core.package_identification:_identify(.) by extension 'python'
[0.418s] Level 1:colcon.colcon_core.package_identification:_identify(.) by extensions ['python_setup_py']
[0.418s] Level 1:colcon.colcon_core.package_identification:_identify(.) by extension 'python_setup_py'
[0.418s] Level 1:colcon.colcon_core.package_identification:_identify(build) by extensions ['ignore', 'ignore_ament_install']
[0.418s] Level 1:colcon.colcon_core.package_identification:_identify(build) by extension 'ignore'
[0.418s] Level 1:colcon.colcon_core.package_identification:_identify(build) ignored
[0.418s] Level 1:colcon.colcon_core.package_identification:_identify(install) by extensions ['ignore', 'ignore_ament_install']
[0.419s] Level 1:colcon.colcon_core.package_identification:_identify(install) by extension 'ignore'
[0.419s] Level 1:colcon.colcon_core.package_identification:_identify(install) ignored
[0.419s] Level 1:colcon.colcon_core.package_identification:_identify(listener) by extensions ['ignore', 'ignore_ament_install']
[0.419s] Level 1:colcon.colcon_core.package_identification:_identify(listener) by extension 'ignore'
[0.419s] Level 1:colcon.colcon_core.package_identification:_identify(listener) by extension 'ignore_ament_install'
[0.419s] Level 1:colcon.colcon_core.package_identification:_identify(listener) by extensions ['colcon_pkg']
[0.419s] Level 1:colcon.colcon_core.package_identification:_identify(listener) by extension 'colcon_pkg'
[0.419s] Level 1:colcon.colcon_core.package_identification:_identify(listener) by extensions ['colcon_meta']
[0.419s] Level 1:colcon.colcon_core.package_identification:_identify(listener) by extension 'colcon_meta'
[0.419s] Level 1:colcon.colcon_core.package_identification:_identify(listener) by extensions ['ament_gradle']
[0.419s] Level 1:colcon.colcon_core.package_identification:_identify(listener) by extension 'ament_gradle'
[0.419s] Level 1:colcon.colcon_core.package_identification:_identify(listener) by extensions ['ros']
[0.419s] Level 1:colcon.colcon_core.package_identification:_identify(listener) by extension 'ros'
[0.421s] DEBUG:colcon.colcon_core.package_identification:Package 'listener' with type 'ros.ament_python' and name 'listener'
[0.421s] Level 1:colcon.colcon_core.package_identification:_identify(log) by extensions ['ignore', 'ignore_ament_install']
[0.421s] Level 1:colcon.colcon_core.package_identification:_identify(log) by extension 'ignore'
[0.421s] Level 1:colcon.colcon_core.package_identification:_identify(log) ignored
[0.421s] Level 1:colcon.colcon_core.package_identification:_identify(practice) by extensions ['ignore', 'ignore_ament_install']
[0.422s] Level 1:colcon.colcon_core.package_identification:_identify(practice) by extension 'ignore'
[0.422s] Level 1:colcon.colcon_core.package_identification:_identify(practice) by extension 'ignore_ament_install'
[0.422s] Level 1:colcon.colcon_core.package_identification:_identify(practice) by extensions ['colcon_pkg']
[0.422s] Level 1:colcon.colcon_core.package_identification:_identify(practice) by extension 'colcon_pkg'
[0.422s] Level 1:colcon.colcon_core.package_identification:_identify(practice) by extensions ['colcon_meta']
[0.422s] Level 1:colcon.colcon_core.package_identification:_identify(practice) by extension 'colcon_meta'
[0.422s] Level 1:colcon.colcon_core.package_identification:_identify(practice) by extensions ['ament_gradle']
[0.422s] Level 1:colcon.colcon_core.package_identification:_identify(practice) by extension 'ament_gradle'
[0.422s] Level 1:colcon.colcon_core.package_identification:_identify(practice) by extensions ['ros']
[0.422s] Level 1:colcon.colcon_core.package_identification:_identify(practice) by extension 'ros'
[0.422s] DEBUG:colcon.colcon_core.package_identification:Package 'practice' with type 'ros.ament_python' and name 'practice'
[0.422s] Level 1:colcon.colcon_core.package_identification:_identify(talker) by extensions ['ignore', 'ignore_ament_install']
[0.422s] Level 1:colcon.colcon_core.package_identification:_identify(talker) by extension 'ignore'
[0.422s] Level 1:colcon.colcon_core.package_identification:_identify(talker) by extension 'ignore_ament_install'
[0.423s] Level 1:colcon.colcon_core.package_identification:_identify(talker) by extensions ['colcon_pkg']
[0.423s] Level 1:colcon.colcon_core.package_identification:_identify(talker) by extension 'colcon_pkg'
[0.423s] Level 1:colcon.colcon_core.package_identification:_identify(talker) by extensions ['colcon_meta']
[0.423s] Level 1:colcon.colcon_core.package_identification:_identify(talker) by extension 'colcon_meta'
[0.423s] Level 1:colcon.colcon_core.package_identification:_identify(talker) by extensions ['ament_gradle']
[0.423s] Level 1:colcon.colcon_core.package_identification:_identify(talker) by extension 'ament_gradle'
[0.423s] Level 1:colcon.colcon_core.package_identification:_identify(talker) by extensions ['ros']
[0.423s] Level 1:colcon.colcon_core.package_identification:_identify(talker) by extension 'ros'
[0.423s] Level 1:colcon.colcon_core.package_identification:_identify(talker) by extensions ['cmake', 'gradle', 'python']
[0.423s] Level 1:colcon.colcon_core.package_identification:_identify(talker) by extension 'cmake'
[0.423s] Level 1:colcon.colcon_core.package_identification:_identify(talker) by extension 'gradle'
[0.423s] Level 1:colcon.colcon_core.package_identification:_identify(talker) by extension 'python'
[0.423s] Level 1:colcon.colcon_core.package_identification:_identify(talker) by extensions ['python_setup_py']
[0.423s] Level 1:colcon.colcon_core.package_identification:_identify(talker) by extension 'python_setup_py'
[0.423s] Level 1:colcon.colcon_core.package_identification:_identify(talker/build) by extensions ['ignore', 'ignore_ament_install']
[0.423s] Level 1:colcon.colcon_core.package_identification:_identify(talker/build) by extension 'ignore'
[0.423s] Level 1:colcon.colcon_core.package_identification:_identify(talker/build) ignored
[0.423s] Level 1:colcon.colcon_core.package_identification:_identify(talker/install) by extensions ['ignore', 'ignore_ament_install']
[0.423s] Level 1:colcon.colcon_core.package_identification:_identify(talker/install) by extension 'ignore'
[0.423s] Level 1:colcon.colcon_core.package_identification:_identify(talker/install) ignored
[0.423s] Level 1:colcon.colcon_core.package_identification:_identify(talker/log) by extensions ['ignore', 'ignore_ament_install']
[0.424s] Level 1:colcon.colcon_core.package_identification:_identify(talker/log) by extension 'ignore'
[0.424s] Level 1:colcon.colcon_core.package_identification:_identify(talker/log) ignored
[0.424s] Level 1:colcon.colcon_core.package_identification:_identify(talker/talker) by extensions ['ignore', 'ignore_ament_install']
[0.424s] Level 1:colcon.colcon_core.package_identification:_identify(talker/talker) by extension 'ignore'
[0.424s] Level 1:colcon.colcon_core.package_identification:_identify(talker/talker) by extension 'ignore_ament_install'
[0.424s] Level 1:colcon.colcon_core.package_identification:_identify(talker/talker) by extensions ['colcon_pkg']
[0.424s] Level 1:colcon.colcon_core.package_identification:_identify(talker/talker) by extension 'colcon_pkg'
[0.424s] Level 1:colcon.colcon_core.package_identification:_identify(talker/talker) by extensions ['colcon_meta']
[0.424s] Level 1:colcon.colcon_core.package_identification:_identify(talker/talker) by extension 'colcon_meta'
[0.424s] Level 1:colcon.colcon_core.package_identification:_identify(talker/talker) by extensions ['ament_gradle']
[0.424s] Level 1:colcon.colcon_core.package_identification:_identify(talker/talker) by extension 'ament_gradle'
[0.424s] Level 1:colcon.colcon_core.package_identification:_identify(talker/talker) by extensions ['ros']
[0.424s] Level 1:colcon.colcon_core.package_identification:_identify(talker/talker) by extension 'ros'
[0.424s] DEBUG:colcon.colcon_core.package_identification:Package 'talker/talker' with type 'ros.ament_python' and name 'talker'
[0.424s] Level 1:colcon.colcon_core.package_discovery:discover_packages(recursive) using defaults
[0.424s] Level 1:colcon.colcon_core.package_discovery:discover_packages(ignore) discover
[0.425s] Level 1:colcon.colcon_core.package_discovery:discover_packages(ignore) using defaults
[0.425s] Level 1:colcon.colcon_core.package_discovery:discover_packages(path) discover
[0.425s] Level 1:colcon.colcon_core.package_discovery:discover_packages(path) using defaults
[0.450s] Level 1:colcon.colcon_core.package_discovery:discover_packages(prefix_path) check parameters
[0.450s] Level 1:colcon.colcon_core.package_discovery:discover_packages(prefix_path) discover
[0.452s] DEBUG:colcon.colcon_installed_package_information.package_discovery:Found 1 installed packages in /home/misfit/test_ws/src/talker/install
[0.454s] DEBUG:colcon.colcon_installed_package_information.package_discovery:Found 280 installed packages in /opt/ros/humble
[0.456s] Level 1:colcon.colcon_core.package_discovery:discover_packages(prefix_path) using defaults
[0.519s] Level 5:colcon.colcon_core.verb:set package 'listener' build argument 'ament_gradle_args' from command line to 'None'
[0.519s] Level 5:colcon.colcon_core.verb:set package 'listener' build argument 'ament_gradle_task' from command line to 'None'
[0.519s] Level 5:colcon.colcon_core.verb:set package 'listener' build argument 'cmake_args' from command line to 'None'
[0.519s] Level 5:colcon.colcon_core.verb:set package 'listener' build argument 'cmake_target' from command line to 'None'
[0.519s] Level 5:colcon.colcon_core.verb:set package 'listener' build argument 'cmake_target_skip_unavailable' from command line to 'False'
[0.519s] Level 5:colcon.colcon_core.verb:set package 'listener' build argument 'cmake_clean_cache' from command line to 'False'
[0.519s] Level 5:colcon.colcon_core.verb:set package 'listener' build argument 'cmake_clean_first' from command line to 'False'
[0.519s] Level 5:colcon.colcon_core.verb:set package 'listener' build argument 'cmake_force_configure' from command line to 'False'
[0.519s] Level 5:colcon.colcon_core.verb:set package 'listener' build argument 'gradle_args' from command line to 'None'
[0.519s] Level 5:colcon.colcon_core.verb:set package 'listener' build argument 'gradle_task' from command line to 'None'
[0.519s] Level 5:colcon.colcon_core.verb:set package 'listener' build argument 'ament_cmake_args' from command line to 'None'
[0.519s] Level 5:colcon.colcon_core.verb:set package 'listener' build argument 'catkin_cmake_args' from command line to 'None'
[0.519s] Level 5:colcon.colcon_core.verb:set package 'listener' build argument 'catkin_skip_building_tests' from command line to 'False'
[0.519s] DEBUG:colcon.colcon_core.verb:Building package 'listener' with the following arguments: {'ament_cmake_args': None, 'ament_gradle_args': None, 'ament_gradle_task': None, 'build_base': '/home/misfit/test_ws/src/build/listener', 'catkin_cmake_args': None, 'catkin_skip_building_tests': False, 'cmake_args': None, 'cmake_clean_cache': False, 'cmake_clean_first': False, 'cmake_force_configure': False, 'cmake_target': None, 'cmake_target_skip_unavailable': False, 'gradle_args': None, 'gradle_task': None, 'install_base': '/home/misfit/test_ws/src/install/listener', 'merge_install': False, 'path': '/home/misfit/test_ws/src/listener', 'symlink_install': False, 'test_result_base': None}
[0.521s] Level 5:colcon.colcon_core.verb:set package 'practice' build argument 'ament_gradle_args' from command line to 'None'
[0.521s] Level 5:colcon.colcon_core.verb:set package 'practice' build argument 'ament_gradle_task' from command line to 'None'
[0.521s] Level 5:colcon.colcon_core.verb:set package 'practice' build argument 'cmake_args' from command line to 'None'
[0.521s] Level 5:colcon.colcon_core.verb:set package 'practice' build argument 'cmake_target' from command line to 'None'
[0.521s] Level 5:colcon.colcon_core.verb:set package 'practice' build argument 'cmake_target_skip_unavailable' from command line to 'False'
[0.521s] Level 5:colcon.colcon_core.verb:set package 'practice' build argument 'cmake_clean_cache' from command line to 'False'
[0.521s] Level 5:colcon.colcon_core.verb:set package 'practice' build argument 'cmake_clean_first' from command line to 'False'
[0.521s] Level 5:colcon.colcon_core.verb:set package 'practice' build argument 'cmake_force_configure' from command line to 'False'
[0.521s] Level 5:colcon.colcon_core.verb:set package 'practice' build argument 'gradle_args' from command line to 'None'
[0.521s] Level 5:colcon.colcon_core.verb:set package 'practice' build argument 'gradle_task' from command line to 'None'
[0.521s] Level 5:colcon.colcon_core.verb:set package 'practice' build argument 'ament_cmake_args' from command line to 'None'
[0.521s] Level 5:colcon.colcon_core.verb:set package 'practice' build argument 'catkin_cmake_args' from command line to 'None'
[0.521s] Level 5:colcon.colcon_core.verb:set package 'practice' build argument 'catkin_skip_building_tests' from command line to 'False'
[0.521s] DEBUG:colcon.colcon_core.verb:Building package 'practice' with the following arguments: {'ament_cmake_args': None, 'ament_gradle_args': None, 'ament_gradle_task': None, 'build_base': '/home/misfit/test_ws/src/build/practice', 'catkin_cmake_args': None, 'catkin_skip_building_tests': False, 'cmake_args': None, 'cmake_clean_cache': False, 'cmake_clean_first': False, 'cmake_force_configure': False, 'cmake_target': None, 'cmake_target_skip_unavailable': False, 'gradle_args': None, 'gradle_task': None, 'install_base': '/home/misfit/test_ws/src/install/practice', 'merge_install': False, 'path': '/home/misfit/test_ws/src/practice', 'symlink_install': False, 'test_result_base': None}
[0.523s] Level 5:colcon.colcon_core.verb:set package 'talker' build argument 'ament_gradle_args' from command line to 'None'
[0.523s] Level 5:colcon.colcon_core.verb:set package 'talker' build argument 'ament_gradle_task' from command line to 'None'
[0.523s] Level 5:colcon.colcon_core.verb:set package 'talker' build argument 'cmake_args' from command line to 'None'
[0.523s] Level 5:colcon.colcon_core.verb:set package 'talker' build argument 'cmake_target' from command line to 'None'
[0.523s] Level 5:colcon.colcon_core.verb:set package 'talker' build argument 'cmake_target_skip_unavailable' from command line to 'False'
[0.523s] Level 5:colcon.colcon_core.verb:set package 'talker' build argument 'cmake_clean_cache' from command line to 'False'
[0.523s] Level 5:colcon.colcon_core.verb:set package 'talker' build argument 'cmake_clean_first' from command line to 'False'
[0.523s] Level 5:colcon.colcon_core.verb:set package 'talker' build argument 'cmake_force_configure' from command line to 'False'
[0.523s] Level 5:colcon.colcon_core.verb:set package 'talker' build argument 'gradle_args' from command line to 'None'
[0.523s] Level 5:colcon.colcon_core.verb:set package 'talker' build argument 'gradle_task' from command line to 'None'
[0.523s] Level 5:colcon.colcon_core.verb:set package 'talker' build argument 'ament_cmake_args' from command line to 'None'
[0.523s] Level 5:colcon.colcon_core.verb:set package 'talker' build argument 'catkin_cmake_args' from command line to 'None'
[0.523s] Level 5:colcon.colcon_core.verb:set package 'talker' build argument 'catkin_skip_building_tests' from command line to 'False'
[0.523s] DEBUG:colcon.colcon_core.verb:Building package 'talker' with the following arguments: {'ament_cmake_args': None, 'ament_gradle_args': None, 'ament_gradle_task': None, 'build_base': '/home/misfit/test_ws/src/build/talker', 'catkin_cmake_args': None, 'catkin_skip_building_tests': False, 'cmake_args': None, 'cmake_clean_cache': False, 'cmake_clean_first': False, 'cmake_force_configure': False, 'cmake_target': None, 'cmake_target_skip_unavailable': False, 'gradle_args': None, 'gradle_task': None, 'install_base': '/home/misfit/test_ws/src/install/talker', 'merge_install': False, 'path': '/home/misfit/test_ws/src/talker/talker', 'symlink_install': False, 'test_result_base': None}
[0.524s] INFO:colcon.colcon_core.executor:Executing jobs using 'parallel' executor
[0.528s] DEBUG:colcon.colcon_parallel_executor.executor.parallel:run_until_complete
[0.528s] INFO:colcon.colcon_ros.task.ament_python.build:Building ROS package in '/home/misfit/test_ws/src/listener' with build type 'ament_python'
[0.528s] Level 1:colcon.colcon_core.shell:create_environment_hook('listener', 'ament_prefix_path')
[0.533s] INFO:colcon.colcon_core.plugin_system:Skipping extension 'colcon_core.shell.bat': Not used on non-Windows systems
[0.533s] INFO:colcon.colcon_core.shell:Creating environment hook '/home/misfit/test_ws/src/install/listener/share/listener/hook/ament_prefix_path.ps1'
[0.534s] INFO:colcon.colcon_core.shell:Creating environment descriptor '/home/misfit/test_ws/src/install/listener/share/listener/hook/ament_prefix_path.dsv'
[0.534s] INFO:colcon.colcon_core.shell:Creating environment hook '/home/misfit/test_ws/src/install/listener/share/listener/hook/ament_prefix_path.sh'
[0.536s] INFO:colcon.colcon_core.shell:Skip shell extension 'powershell' for command environment: Not usable outside of PowerShell
[0.536s] DEBUG:colcon.colcon_core.shell:Skip shell extension 'dsv' for command environment
[0.543s] INFO:colcon.colcon_ros.task.ament_python.build:Building ROS package in '/home/misfit/test_ws/src/practice' with build type 'ament_python'
[0.543s] Level 1:colcon.colcon_core.shell:create_environment_hook('practice', 'ament_prefix_path')
[0.545s] INFO:colcon.colcon_core.shell:Creating environment hook '/home/misfit/test_ws/src/install/practice/share/practice/hook/ament_prefix_path.ps1'
[0.546s] INFO:colcon.colcon_core.shell:Creating environment descriptor '/home/misfit/test_ws/src/install/practice/share/practice/hook/ament_prefix_path.dsv'
[0.546s] INFO:colcon.colcon_core.shell:Creating environment hook '/home/misfit/test_ws/src/install/practice/share/practice/hook/ament_prefix_path.sh'
[0.548s] INFO:colcon.colcon_core.shell:Skip shell extension 'powershell' for command environment: Not usable outside of PowerShell
[0.548s] DEBUG:colcon.colcon_core.shell:Skip shell extension 'dsv' for command environment
[0.552s] INFO:colcon.colcon_ros.task.ament_python.build:Building ROS package in '/home/misfit/test_ws/src/talker/talker' with build type 'ament_python'
[0.553s] Level 1:colcon.colcon_core.shell:create_environment_hook('talker', 'ament_prefix_path')
[0.554s] INFO:colcon.colcon_core.shell:Creating environment hook '/home/misfit/test_ws/src/install/talker/share/talker/hook/ament_prefix_path.ps1'
[0.555s] INFO:colcon.colcon_core.shell:Creating environment descriptor '/home/misfit/test_ws/src/install/talker/share/talker/hook/ament_prefix_path.dsv'
[0.555s] INFO:colcon.colcon_core.shell:Creating environment hook '/home/misfit/test_ws/src/install/talker/share/talker/hook/ament_prefix_path.sh'
[0.557s] INFO:colcon.colcon_core.shell:Skip shell extension 'powershell' for command environment: Not usable outside of PowerShell
[0.557s] DEBUG:colcon.colcon_core.shell:Skip shell extension 'dsv' for command environment
[0.821s] INFO:colcon.colcon_core.task.python.build:Building Python package in '/home/misfit/test_ws/src/listener'
[0.823s] INFO:colcon.colcon_core.shell:Skip shell extension 'powershell' for command environment: Not usable outside of PowerShell
[0.823s] DEBUG:colcon.colcon_core.shell:Skip shell extension 'dsv' for command environment
[1.110s] INFO:colcon.colcon_core.task.python.build:Building Python package in '/home/misfit/test_ws/src/practice'
[1.112s] INFO:colcon.colcon_core.shell:Skip shell extension 'powershell' for command environment: Not usable outside of PowerShell
[1.112s] DEBUG:colcon.colcon_core.shell:Skip shell extension 'dsv' for command environment
[1.409s] INFO:colcon.colcon_core.task.python.build:Building Python package in '/home/misfit/test_ws/src/talker/talker'
[1.410s] INFO:colcon.colcon_core.shell:Skip shell extension 'powershell' for command environment: Not usable outside of PowerShell
[1.410s] DEBUG:colcon.colcon_core.shell:Skip shell extension 'dsv' for command environment
[1.858s] DEBUG:colcon.colcon_core.event_handler.log_command:Invoking command in '/home/misfit/test_ws/src/practice': PYTHONPATH=/home/misfit/test_ws/src/install/practice/lib/python3.10/site-packages:${PYTHONPATH} /usr/bin/python3 setup.py egg_info --egg-base ../build/practice build --build-base /home/misfit/test_ws/src/build/practice/build install --prefix /home/misfit/test_ws/src/install/practice --record /home/misfit/test_ws/src/build/practice/install.log --single-version-externally-managed
[1.881s] DEBUG:colcon.colcon_core.event_handler.log_command:Invoking command in '/home/misfit/test_ws/src/talker/talker': PYTHONPATH=/home/misfit/test_ws/src/install/talker/lib/python3.10/site-packages:${PYTHONPATH} /usr/bin/python3 setup.py egg_info --egg-base ../../build/talker build --build-base /home/misfit/test_ws/src/build/talker/build install --prefix /home/misfit/test_ws/src/install/talker --record /home/misfit/test_ws/src/build/talker/install.log --single-version-externally-managed
[1.895s] DEBUG:colcon.colcon_core.event_handler.log_command:Invoking command in '/home/misfit/test_ws/src/listener': PYTHONPATH=/home/misfit/test_ws/src/install/listener/lib/python3.10/site-packages:${PYTHONPATH} /usr/bin/python3 setup.py egg_info --egg-base ../build/listener build --build-base /home/misfit/test_ws/src/build/listener/build install --prefix /home/misfit/test_ws/src/install/listener --record /home/misfit/test_ws/src/build/listener/install.log --single-version-externally-managed
[2.253s] DEBUG:colcon.colcon_core.event_handler.log_command:Invoked command in '/home/misfit/test_ws/src/practice' returned '0': PYTHONPATH=/home/misfit/test_ws/src/install/practice/lib/python3.10/site-packages:${PYTHONPATH} /usr/bin/python3 setup.py egg_info --egg-base ../build/practice build --build-base /home/misfit/test_ws/src/build/practice/build install --prefix /home/misfit/test_ws/src/install/practice --record /home/misfit/test_ws/src/build/practice/install.log --single-version-externally-managed
[2.259s] Level 1:colcon.colcon_core.environment:checking '/home/misfit/test_ws/src/install/practice' for CMake module files
[2.260s] Level 1:colcon.colcon_core.environment:checking '/home/misfit/test_ws/src/install/practice' for CMake config files
[2.260s] Level 1:colcon.colcon_core.environment:checking '/home/misfit/test_ws/src/install/practice/lib'
[2.261s] Level 1:colcon.colcon_core.environment:checking '/home/misfit/test_ws/src/install/practice/bin'
[2.261s] Level 1:colcon.colcon_core.environment:checking '/home/misfit/test_ws/src/install/practice/lib/pkgconfig/practice.pc'
[2.261s] Level 1:colcon.colcon_core.environment:checking '/home/misfit/test_ws/src/install/practice/lib/python3.10/site-packages'
[2.261s] Level 1:colcon.colcon_core.shell:create_environment_hook('practice', 'pythonpath')
[2.263s] INFO:colcon.colcon_core.shell:Creating environment hook '/home/misfit/test_ws/src/install/practice/share/practice/hook/pythonpath.ps1'
[2.263s] INFO:colcon.colcon_core.shell:Creating environment descriptor '/home/misfit/test_ws/src/install/practice/share/practice/hook/pythonpath.dsv'
[2.263s] INFO:colcon.colcon_core.shell:Creating environment hook '/home/misfit/test_ws/src/install/practice/share/practice/hook/pythonpath.sh'
[2.264s] Level 1:colcon.colcon_core.environment:checking '/home/misfit/test_ws/src/install/practice/bin'
[2.264s] Level 1:colcon.colcon_core.environment:create_environment_scripts_only(practice)
[2.266s] INFO:colcon.colcon_core.shell:Creating package script '/home/misfit/test_ws/src/install/practice/share/practice/package.ps1'
[2.269s] INFO:colcon.colcon_core.shell:Creating package descriptor '/home/misfit/test_ws/src/install/practice/share/practice/package.dsv'
[2.269s] INFO:colcon.colcon_core.shell:Creating package script '/home/misfit/test_ws/src/install/practice/share/practice/package.sh'
[2.270s] INFO:colcon.colcon_core.shell:Creating package script '/home/misfit/test_ws/src/install/practice/share/practice/package.bash'
[2.272s] INFO:colcon.colcon_core.shell:Creating package script '/home/misfit/test_ws/src/install/practice/share/practice/package.zsh'
[2.278s] Level 1:colcon.colcon_core.environment:create_file_with_runtime_dependencies(/home/misfit/test_ws/src/install/practice/share/colcon-core/packages/practice)
[2.283s] Level 1:colcon.colcon_core.environment:checking '/home/misfit/test_ws/src/install/talker' for CMake module files
[2.284s] DEBUG:colcon.colcon_core.event_handler.log_command:Invoked command in '/home/misfit/test_ws/src/talker/talker' returned '0': PYTHONPATH=/home/misfit/test_ws/src/install/talker/lib/python3.10/site-packages:${PYTHONPATH} /usr/bin/python3 setup.py egg_info --egg-base ../../build/talker build --build-base /home/misfit/test_ws/src/build/talker/build install --prefix /home/misfit/test_ws/src/install/talker --record /home/misfit/test_ws/src/build/talker/install.log --single-version-externally-managed
[2.285s] Level 1:colcon.colcon_core.environment:checking '/home/misfit/test_ws/src/install/talker' for CMake config files
[2.285s] Level 1:colcon.colcon_core.environment:checking '/home/misfit/test_ws/src/install/talker/lib'
[2.285s] Level 1:colcon.colcon_core.environment:checking '/home/misfit/test_ws/src/install/talker/bin'
[2.286s] Level 1:colcon.colcon_core.environment:checking '/home/misfit/test_ws/src/install/talker/lib/pkgconfig/talker.pc'
[2.286s] Level 1:colcon.colcon_core.environment:checking '/home/misfit/test_ws/src/install/talker/lib/python3.10/site-packages'
[2.286s] Level 1:colcon.colcon_core.shell:create_environment_hook('talker', 'pythonpath')
[2.288s] INFO:colcon.colcon_core.shell:Creating environment hook '/home/misfit/test_ws/src/install/talker/share/talker/hook/pythonpath.ps1'
[2.288s] INFO:colcon.colcon_core.shell:Creating environment descriptor '/home/misfit/test_ws/src/install/talker/share/talker/hook/pythonpath.dsv'
[2.288s] INFO:colcon.colcon_core.shell:Creating environment hook '/home/misfit/test_ws/src/install/talker/share/talker/hook/pythonpath.sh'
[2.289s] Level 1:colcon.colcon_core.environment:checking '/home/misfit/test_ws/src/install/talker/bin'
[2.289s] Level 1:colcon.colcon_core.environment:create_environment_scripts_only(talker)
[2.291s] INFO:colcon.colcon_core.shell:Creating package script '/home/misfit/test_ws/src/install/talker/share/talker/package.ps1'
[2.292s] INFO:colcon.colcon_core.shell:Creating package descriptor '/home/misfit/test_ws/src/install/talker/share/talker/package.dsv'
[2.292s] INFO:colcon.colcon_core.shell:Creating package script '/home/misfit/test_ws/src/install/talker/share/talker/package.sh'
[2.293s] INFO:colcon.colcon_core.shell:Creating package script '/home/misfit/test_ws/src/install/talker/share/talker/package.bash'
[2.293s] INFO:colcon.colcon_core.shell:Creating package script '/home/misfit/test_ws/src/install/talker/share/talker/package.zsh'
[2.293s] Level 1:colcon.colcon_core.environment:create_file_with_runtime_dependencies(/home/misfit/test_ws/src/install/talker/share/colcon-core/packages/talker)
[2.298s] Level 1:colcon.colcon_core.environment:checking '/home/misfit/test_ws/src/install/listener' for CMake module files
[2.299s] DEBUG:colcon.colcon_core.event_handler.log_command:Invoked command in '/home/misfit/test_ws/src/listener' returned '0': PYTHONPATH=/home/misfit/test_ws/src/install/listener/lib/python3.10/site-packages:${PYTHONPATH} /usr/bin/python3 setup.py egg_info --egg-base ../build/listener build --build-base /home/misfit/test_ws/src/build/listener/build install --prefix /home/misfit/test_ws/src/install/listener --record /home/misfit/test_ws/src/build/listener/install.log --single-version-externally-managed
[2.300s] Level 1:colcon.colcon_core.environment:checking '/home/misfit/test_ws/src/install/listener' for CMake config files
[2.300s] Level 1:colcon.colcon_core.environment:checking '/home/misfit/test_ws/src/install/listener/lib'
[2.301s] Level 1:colcon.colcon_core.environment:checking '/home/misfit/test_ws/src/install/listener/bin'
[2.301s] Level 1:colcon.colcon_core.environment:checking '/home/misfit/test_ws/src/install/listener/lib/pkgconfig/listener.pc'
[2.301s] Level 1:colcon.colcon_core.environment:checking '/home/misfit/test_ws/src/install/listener/lib/python3.10/site-packages'
[2.301s] Level 1:colcon.colcon_core.shell:create_environment_hook('listener', 'pythonpath')
[2.305s] INFO:colcon.colcon_core.shell:Creating environment hook '/home/misfit/test_ws/src/install/listener/share/listener/hook/pythonpath.ps1'
[2.305s] INFO:colcon.colcon_core.shell:Creating environment descriptor '/home/misfit/test_ws/src/install/listener/share/listener/hook/pythonpath.dsv'
[2.306s] INFO:colcon.colcon_core.shell:Creating environment hook '/home/misfit/test_ws/src/install/listener/share/listener/hook/pythonpath.sh'
[2.306s] Level 1:colcon.colcon_core.environment:checking '/home/misfit/test_ws/src/install/listener/bin'
[2.307s] Level 1:colcon.colcon_core.environment:create_environment_scripts_only(listener)
[2.309s] INFO:colcon.colcon_core.shell:Creating package script '/home/misfit/test_ws/src/install/listener/share/listener/package.ps1'
[2.309s] INFO:colcon.colcon_core.shell:Creating package descriptor '/home/misfit/test_ws/src/install/listener/share/listener/package.dsv'
[2.310s] INFO:colcon.colcon_core.shell:Creating package script '/home/misfit/test_ws/src/install/listener/share/listener/package.sh'
[2.310s] INFO:colcon.colcon_core.shell:Creating package script '/home/misfit/test_ws/src/install/listener/share/listener/package.bash'
[2.310s] INFO:colcon.colcon_core.shell:Creating package script '/home/misfit/test_ws/src/install/listener/share/listener/package.zsh'
[2.311s] Level 1:colcon.colcon_core.environment:create_file_with_runtime_dependencies(/home/misfit/test_ws/src/install/listener/share/colcon-core/packages/listener)
[2.311s] DEBUG:colcon.colcon_parallel_executor.executor.parallel:closing loop
[2.311s] DEBUG:colcon.colcon_parallel_executor.executor.parallel:loop closed
[2.312s] DEBUG:colcon.colcon_parallel_executor.executor.parallel:run_until_complete finished with '0'
[2.312s] DEBUG:colcon.colcon_core.event_reactor:joining thread
[2.326s] INFO:colcon.colcon_core.plugin_system:Skipping extension 'colcon_notification.desktop_notification.terminal_notifier': Not used on non-Darwin systems
[2.327s] INFO:colcon.colcon_core.plugin_system:Skipping extension 'colcon_notification.desktop_notification.win32': Not used on non-Windows systems
[2.327s] INFO:colcon.colcon_notification.desktop_notification:Sending desktop notification using 'notify2'
[2.347s] DEBUG:colcon.colcon_core.event_reactor:joined thread
[2.349s] INFO:colcon.colcon_core.shell:Creating prefix script '/home/misfit/test_ws/src/install/local_setup.ps1'
[2.352s] INFO:colcon.colcon_core.shell:Creating prefix util module '/home/misfit/test_ws/src/install/_local_setup_util_ps1.py'
[2.355s] INFO:colcon.colcon_core.shell:Creating prefix chain script '/home/misfit/test_ws/src/install/setup.ps1'
[2.357s] INFO:colcon.colcon_core.shell:Creating prefix script '/home/misfit/test_ws/src/install/local_setup.sh'
[2.359s] INFO:colcon.colcon_core.shell:Creating prefix util module '/home/misfit/test_ws/src/install/_local_setup_util_sh.py'
[2.360s] INFO:colcon.colcon_core.shell:Creating prefix chain script '/home/misfit/test_ws/src/install/setup.sh'
[2.362s] INFO:colcon.colcon_core.shell:Creating prefix script '/home/misfit/test_ws/src/install/local_setup.bash'
[2.362s] INFO:colcon.colcon_core.shell:Creating prefix chain script '/home/misfit/test_ws/src/install/setup.bash'
[2.365s] INFO:colcon.colcon_core.shell:Creating prefix script '/home/misfit/test_ws/src/install/local_setup.zsh'
[2.366s] INFO:colcon.colcon_core.shell:Creating prefix chain script '/home/misfit/test_ws/src/install/setup.zsh'
