[0.645s] Invoking command in '/home/misfit/test_ws/src/listener': PYTHONPATH=/home/misfit/test_ws/src/listener/install/listener/lib/python3.10/site-packages:${PYTHONPATH} /usr/bin/python3 setup.py egg_info --egg-base build/listener build --build-base /home/misfit/test_ws/src/listener/build/listener/build install --prefix /home/misfit/test_ws/src/listener/install/listener --record /home/misfit/test_ws/src/listener/build/listener/install.log --single-version-externally-managed
[0.884s] running egg_info
[0.885s] creating build/listener/listener.egg-info
[0.885s] writing build/listener/listener.egg-info/PKG-INFO
[0.885s] writing dependency_links to build/listener/listener.egg-info/dependency_links.txt
[0.885s] writing entry points to build/listener/listener.egg-info/entry_points.txt
[0.885s] writing requirements to build/listener/listener.egg-info/requires.txt
[0.885s] writing top-level names to build/listener/listener.egg-info/top_level.txt
[0.885s] writing manifest file 'build/listener/listener.egg-info/SOURCES.txt'
[0.887s] reading manifest file 'build/listener/listener.egg-info/SOURCES.txt'
[0.888s] writing manifest file 'build/listener/listener.egg-info/SOURCES.txt'
[0.888s] running build
[0.888s] running build_py
[0.888s] creating /home/misfit/test_ws/src/listener/build/listener/build
[0.888s] creating /home/misfit/test_ws/src/listener/build/listener/build/lib
[0.888s] creating /home/misfit/test_ws/src/listener/build/listener/build/lib/listener
[0.889s] copying listener/main.py -> /home/misfit/test_ws/src/listener/build/listener/build/lib/listener
[0.889s] copying listener/__init__.py -> /home/misfit/test_ws/src/listener/build/listener/build/lib/listener
[0.889s] running install
[0.889s] /usr/lib/python3/dist-packages/setuptools/command/install.py:34: SetuptoolsDeprecationWarning: setup.py install is deprecated. Use build and pip and other standards-based tools.
[0.889s]   warnings.warn(
[0.889s] running install_lib
[0.889s] creating /home/misfit/test_ws/src/listener/install/listener/lib/python3.10/site-packages/listener
[0.889s] copying /home/misfit/test_ws/src/listener/build/listener/build/lib/listener/main.py -> /home/misfit/test_ws/src/listener/install/listener/lib/python3.10/site-packages/listener
[0.889s] copying /home/misfit/test_ws/src/listener/build/listener/build/lib/listener/__init__.py -> /home/misfit/test_ws/src/listener/install/listener/lib/python3.10/site-packages/listener
[0.890s] byte-compiling /home/misfit/test_ws/src/listener/install/listener/lib/python3.10/site-packages/listener/main.py to main.cpython-310.pyc
[0.890s] byte-compiling /home/misfit/test_ws/src/listener/install/listener/lib/python3.10/site-packages/listener/__init__.py to __init__.cpython-310.pyc
[0.890s] running install_data
[0.891s] creating /home/misfit/test_ws/src/listener/install/listener/share/ament_index
[0.891s] creating /home/misfit/test_ws/src/listener/install/listener/share/ament_index/resource_index
[0.891s] creating /home/misfit/test_ws/src/listener/install/listener/share/ament_index/resource_index/packages
[0.891s] copying resource/listener -> /home/misfit/test_ws/src/listener/install/listener/share/ament_index/resource_index/packages
[0.891s] copying package.xml -> /home/misfit/test_ws/src/listener/install/listener/share/listener
[0.892s] running install_egg_info
[0.892s] Copying build/listener/listener.egg-info to /home/misfit/test_ws/src/listener/install/listener/lib/python3.10/site-packages/listener-0.0.0-py3.10.egg-info
[0.893s] running install_scripts
[0.913s] Installing listener script to /home/misfit/test_ws/src/listener/install/listener/lib/listener
[0.914s] writing list of installed files to '/home/misfit/test_ws/src/listener/build/listener/install.log'
[0.956s] Invoked command in '/home/misfit/test_ws/src/listener' returned '0': PYTHONPATH=/home/misfit/test_ws/src/listener/install/listener/lib/python3.10/site-packages:${PYTHONPATH} /usr/bin/python3 setup.py egg_info --egg-base build/listener build --build-base /home/misfit/test_ws/src/listener/build/listener/build install --prefix /home/misfit/test_ws/src/listener/install/listener --record /home/misfit/test_ws/src/listener/build/listener/install.log --single-version-externally-managed
