[0.595s] Invoking command in '/home/misfit/test_ws/src/talker/talker': PYTHONPATH=/home/misfit/test_ws/src/talker/install/talker/lib/python3.10/site-packages:${PYTHONPATH} /usr/bin/python3 setup.py egg_info --egg-base ../build/talker build --build-base /home/misfit/test_ws/src/talker/build/talker/build install --prefix /home/misfit/test_ws/src/talker/install/talker --record /home/misfit/test_ws/src/talker/build/talker/install.log --single-version-externally-managed
[0.817s] running egg_info
[0.818s] writing ../build/talker/talker.egg-info/PKG-INFO
[0.818s] writing dependency_links to ../build/talker/talker.egg-info/dependency_links.txt
[0.818s] writing entry points to ../build/talker/talker.egg-info/entry_points.txt
[0.818s] writing requirements to ../build/talker/talker.egg-info/requires.txt
[0.818s] writing top-level names to ../build/talker/talker.egg-info/top_level.txt
[0.821s] reading manifest file '../build/talker/talker.egg-info/SOURCES.txt'
[0.821s] writing manifest file '../build/talker/talker.egg-info/SOURCES.txt'
[0.821s] running build
[0.821s] running build_py
[0.821s] copying talker/main.py -> /home/misfit/test_ws/src/talker/build/talker/build/lib/talker
[0.821s] running install
[0.821s] /usr/lib/python3/dist-packages/setuptools/command/install.py:34: SetuptoolsDeprecationWarning: setup.py install is deprecated. Use build and pip and other standards-based tools.
[0.822s]   warnings.warn(
[0.822s] running install_lib
[0.822s] copying /home/misfit/test_ws/src/talker/build/talker/build/lib/talker/main.py -> /home/misfit/test_ws/src/talker/install/talker/lib/python3.10/site-packages/talker
[0.823s] byte-compiling /home/misfit/test_ws/src/talker/install/talker/lib/python3.10/site-packages/talker/main.py to main.cpython-310.pyc
[0.823s] running install_data
[0.824s] running install_egg_info
[0.825s] removing '/home/misfit/test_ws/src/talker/install/talker/lib/python3.10/site-packages/talker-0.0.0-py3.10.egg-info' (and everything under it)
[0.826s] Copying ../build/talker/talker.egg-info to /home/misfit/test_ws/src/talker/install/talker/lib/python3.10/site-packages/talker-0.0.0-py3.10.egg-info
[0.826s] running install_scripts
[0.852s] Installing talker script to /home/misfit/test_ws/src/talker/install/talker/lib/talker
[0.852s] writing list of installed files to '/home/misfit/test_ws/src/talker/build/talker/install.log'
[0.881s] Invoked command in '/home/misfit/test_ws/src/talker/talker' returned '0': PYTHONPATH=/home/misfit/test_ws/src/talker/install/talker/lib/python3.10/site-packages:${PYTHONPATH} /usr/bin/python3 setup.py egg_info --egg-base ../build/talker build --build-base /home/misfit/test_ws/src/talker/build/talker/build install --prefix /home/misfit/test_ws/src/talker/install/talker --record /home/misfit/test_ws/src/talker/build/talker/install.log --single-version-externally-managed
