[1.316s] Invoking command in '/home/misfit/test_ws/src/listener': PYTHONPATH=/home/misfit/test_ws/install/listener/lib/python3.10/site-packages:${PYTHONPATH} /usr/bin/python3 setup.py egg_info --egg-base ../../build/listener build --build-base /home/misfit/test_ws/build/listener/build install --prefix /home/misfit/test_ws/install/listener --record /home/misfit/test_ws/build/listener/install.log --single-version-externally-managed
[1.604s] running egg_info
[1.605s] creating ../../build/listener/listener.egg-info
[1.605s] writing ../../build/listener/listener.egg-info/PKG-INFO
[1.606s] writing dependency_links to ../../build/listener/listener.egg-info/dependency_links.txt
[1.606s] writing entry points to ../../build/listener/listener.egg-info/entry_points.txt
[1.606s] writing requirements to ../../build/listener/listener.egg-info/requires.txt
[1.606s] writing top-level names to ../../build/listener/listener.egg-info/top_level.txt
[1.606s] writing manifest file '../../build/listener/listener.egg-info/SOURCES.txt'
[1.607s] reading manifest file '../../build/listener/listener.egg-info/SOURCES.txt'
[1.609s] writing manifest file '../../build/listener/listener.egg-info/SOURCES.txt'
[1.609s] running build
[1.610s] running build_py
[1.610s] creating /home/misfit/test_ws/build/listener/build
[1.610s] creating /home/misfit/test_ws/build/listener/build/lib
[1.610s] creating /home/misfit/test_ws/build/listener/build/lib/listener
[1.610s] copying listener/main.py -> /home/misfit/test_ws/build/listener/build/lib/listener
[1.610s] copying listener/__init__.py -> /home/misfit/test_ws/build/listener/build/lib/listener
[1.610s] running install
[1.610s] /usr/lib/python3/dist-packages/setuptools/command/install.py:34: SetuptoolsDeprecationWarning: setup.py install is deprecated. Use build and pip and other standards-based tools.
[1.610s]   warnings.warn(
[1.610s] running install_lib
[1.610s] creating /home/misfit/test_ws/install/listener/lib/python3.10/site-packages/listener
[1.610s] copying /home/misfit/test_ws/build/listener/build/lib/listener/main.py -> /home/misfit/test_ws/install/listener/lib/python3.10/site-packages/listener
[1.610s] copying /home/misfit/test_ws/build/listener/build/lib/listener/__init__.py -> /home/misfit/test_ws/install/listener/lib/python3.10/site-packages/listener
[1.611s] byte-compiling /home/misfit/test_ws/install/listener/lib/python3.10/site-packages/listener/main.py to main.cpython-310.pyc
[1.614s] byte-compiling /home/misfit/test_ws/install/listener/lib/python3.10/site-packages/listener/__init__.py to __init__.cpython-310.pyc
[1.614s] running install_data
[1.614s] creating /home/misfit/test_ws/install/listener/share/ament_index
[1.614s] creating /home/misfit/test_ws/install/listener/share/ament_index/resource_index
[1.614s] creating /home/misfit/test_ws/install/listener/share/ament_index/resource_index/packages
[1.614s] copying resource/listener -> /home/misfit/test_ws/install/listener/share/ament_index/resource_index/packages
[1.614s] copying package.xml -> /home/misfit/test_ws/install/listener/share/listener
[1.614s] running install_egg_info
[1.615s] Copying ../../build/listener/listener.egg-info to /home/misfit/test_ws/install/listener/lib/python3.10/site-packages/listener-0.0.0-py3.10.egg-info
[1.615s] running install_scripts
[1.647s] Installing listener script to /home/misfit/test_ws/install/listener/lib/listener
[1.649s] writing list of installed files to '/home/misfit/test_ws/build/listener/install.log'
[1.712s] Invoked command in '/home/misfit/test_ws/src/listener' returned '0': PYTHONPATH=/home/misfit/test_ws/install/listener/lib/python3.10/site-packages:${PYTHONPATH} /usr/bin/python3 setup.py egg_info --egg-base ../../build/listener build --build-base /home/misfit/test_ws/build/listener/build install --prefix /home/misfit/test_ws/install/listener --record /home/misfit/test_ws/build/listener/install.log --single-version-externally-managed
