[1.267s] Invoking command in '/home/misfit/test_ws/src/practice': PYTHONPATH=/home/misfit/test_ws/install/practice/lib/python3.10/site-packages:${PYTHONPATH} /usr/bin/python3 setup.py egg_info --egg-base ../../build/practice build --build-base /home/misfit/test_ws/build/practice/build install --prefix /home/misfit/test_ws/install/practice --record /home/misfit/test_ws/build/practice/install.log --single-version-externally-managed
[1.515s] running egg_info
[1.517s] writing ../../build/practice/practice.egg-info/PKG-INFO
[1.517s] writing dependency_links to ../../build/practice/practice.egg-info/dependency_links.txt
[1.517s] writing entry points to ../../build/practice/practice.egg-info/entry_points.txt
[1.517s] writing requirements to ../../build/practice/practice.egg-info/requires.txt
[1.517s] writing top-level names to ../../build/practice/practice.egg-info/top_level.txt
[1.518s] reading manifest file '../../build/practice/practice.egg-info/SOURCES.txt'
[1.520s] writing manifest file '../../build/practice/practice.egg-info/SOURCES.txt'
[1.520s] running build
[1.520s] running build_py
[1.520s] running install
[1.521s] /usr/lib/python3/dist-packages/setuptools/command/install.py:34: SetuptoolsDeprecationWarning: setup.py install is deprecated. Use build and pip and other standards-based tools.
[1.521s]   warnings.warn(
[1.521s] running install_lib
[1.522s] running install_data
[1.522s] running install_egg_info
[1.523s] removing '/home/misfit/test_ws/install/practice/lib/python3.10/site-packages/practice-0.0.0-py3.10.egg-info' (and everything under it)
[1.523s] Copying ../../build/practice/practice.egg-info to /home/misfit/test_ws/install/practice/lib/python3.10/site-packages/practice-0.0.0-py3.10.egg-info
[1.524s] running install_scripts
[1.550s] writing list of installed files to '/home/misfit/test_ws/build/practice/install.log'
[1.595s] Invoked command in '/home/misfit/test_ws/src/practice' returned '0': PYTHONPATH=/home/misfit/test_ws/install/practice/lib/python3.10/site-packages:${PYTHONPATH} /usr/bin/python3 setup.py egg_info --egg-base ../../build/practice build --build-base /home/misfit/test_ws/build/practice/build install --prefix /home/misfit/test_ws/install/practice --record /home/misfit/test_ws/build/practice/install.log --single-version-externally-managed
