[1.288s] Invoking command in '/home/misfit/test_ws/src/listener': PYTHONPATH=/home/misfit/test_ws/install/listener/lib/python3.10/site-packages:${PYTHONPATH} /usr/bin/python3 setup.py egg_info --egg-base ../../build/listener build --build-base /home/misfit/test_ws/build/listener/build install --prefix /home/misfit/test_ws/install/listener --record /home/misfit/test_ws/build/listener/install.log --single-version-externally-managed
[1.529s] running egg_info
[1.531s] writing ../../build/listener/listener.egg-info/PKG-INFO
[1.531s] writing dependency_links to ../../build/listener/listener.egg-info/dependency_links.txt
[1.531s] writing entry points to ../../build/listener/listener.egg-info/entry_points.txt
[1.531s] writing requirements to ../../build/listener/listener.egg-info/requires.txt
[1.531s] writing top-level names to ../../build/listener/listener.egg-info/top_level.txt
[1.532s] reading manifest file '../../build/listener/listener.egg-info/SOURCES.txt'
[1.533s] writing manifest file '../../build/listener/listener.egg-info/SOURCES.txt'
[1.533s] running build
[1.534s] running build_py
[1.534s] copying listener/main.py -> /home/misfit/test_ws/build/listener/build/lib/listener
[1.535s] running install
[1.535s] /usr/lib/python3/dist-packages/setuptools/command/install.py:34: SetuptoolsDeprecationWarning: setup.py install is deprecated. Use build and pip and other standards-based tools.
[1.535s]   warnings.warn(
[1.535s] running install_lib
[1.536s] copying /home/misfit/test_ws/build/listener/build/lib/listener/main.py -> /home/misfit/test_ws/install/listener/lib/python3.10/site-packages/listener
[1.536s] byte-compiling /home/misfit/test_ws/install/listener/lib/python3.10/site-packages/listener/main.py to main.cpython-310.pyc
[1.536s] running install_data
[1.536s] running install_egg_info
[1.538s] removing '/home/misfit/test_ws/install/listener/lib/python3.10/site-packages/listener-0.0.0-py3.10.egg-info' (and everything under it)
[1.538s] Copying ../../build/listener/listener.egg-info to /home/misfit/test_ws/install/listener/lib/python3.10/site-packages/listener-0.0.0-py3.10.egg-info
[1.539s] running install_scripts
[1.562s] Installing listener script to /home/misfit/test_ws/install/listener/lib/listener
[1.562s] writing list of installed files to '/home/misfit/test_ws/build/listener/install.log'
[1.643s] Invoked command in '/home/misfit/test_ws/src/listener' returned '0': PYTHONPATH=/home/misfit/test_ws/install/listener/lib/python3.10/site-packages:${PYTHONPATH} /usr/bin/python3 setup.py egg_info --egg-base ../../build/listener build --build-base /home/misfit/test_ws/build/listener/build install --prefix /home/misfit/test_ws/install/listener --record /home/misfit/test_ws/build/listener/install.log --single-version-externally-managed
