[0.369s] DEBUG:colcon:Command line arguments: ['/usr/bin/colcon', 'build']
[0.369s] DEBUG:colcon:Parsed command line arguments: Namespace(log_base=None, log_level=None, verb_name='build', build_base='build', install_base='install', merge_install=False, symlink_install=False, test_result_base=None, continue_on_error=False, executor='parallel', parallel_workers=5, event_handlers=None, ignore_user_meta=False, metas=['./colcon.meta'], base_paths=['.'], packages_ignore=None, packages_ignore_regex=None, paths=None, packages_up_to=None, packages_up_to_regex=None, packages_above=None, packages_above_and_dependencies=None, packages_above_depth=None, packages_select_by_dep=None, packages_skip_by_dep=None, packages_skip_up_to=None, packages_select_build_failed=False, packages_skip_build_finished=False, packages_select_test_failures=False, packages_skip_test_passed=False, packages_select=None, packages_skip=None, packages_select_regex=None, packages_skip_regex=None, packages_start=None, packages_end=None, allow_overriding=[], ament_gradle_args=None, ament_gradle_task=None, cmake_args=None, cmake_target=None, cmake_target_skip_unavailable=False, cmake_clean_cache=False, cmake_clean_first=False, cmake_force_configure=False, gradle_args=None, gradle_task=None, ament_cmake_args=None, catkin_cmake_args=None, catkin_skip_building_tests=False, verb_parser=<colcon_defaults.argument_parser.defaults.DefaultArgumentsDecorator object at 0x7fafabc0e500>, verb_extension=<colcon_core.verb.build.BuildVerb object at 0x7fafac59d840>, main=<bound method BuildVerb.main of <colcon_core.verb.build.BuildVerb object at 0x7fafac59d840>>)
[0.403s] Level 1:colcon.colcon_core.package_discovery:discover_packages(colcon_meta) check parameters
[0.403s] Level 1:colcon.colcon_core.package_discovery:discover_packages(recursive) check parameters
[0.403s] Level 1:colcon.colcon_core.package_discovery:discover_packages(ignore) check parameters
[0.403s] Level 1:colcon.colcon_core.package_discovery:discover_packages(path) check parameters
[0.403s] Level 1:colcon.colcon_core.package_discovery:discover_packages(colcon_meta) discover
[0.403s] Level 1:colcon.colcon_core.package_discovery:discover_packages(recursive) discover
[0.403s] INFO:colcon.colcon_core.package_discovery:Crawling recursively for packages in '/home/misfit/test_ws/src/listener'
[0.403s] Level 1:colcon.colcon_core.package_identification:_identify(.) by extensions ['ignore', 'ignore_ament_install']
[0.403s] Level 1:colcon.colcon_core.package_identification:_identify(.) by extension 'ignore'
[0.403s] Level 1:colcon.colcon_core.package_identification:_identify(.) by extension 'ignore_ament_install'
[0.403s] Level 1:colcon.colcon_core.package_identification:_identify(.) by extensions ['colcon_pkg']
[0.403s] Level 1:colcon.colcon_core.package_identification:_identify(.) by extension 'colcon_pkg'
[0.403s] Level 1:colcon.colcon_core.package_identification:_identify(.) by extensions ['colcon_meta']
[0.403s] Level 1:colcon.colcon_core.package_identification:_identify(.) by extension 'colcon_meta'
[0.403s] Level 1:colcon.colcon_core.package_identification:_identify(.) by extensions ['ament_gradle']
[0.403s] Level 1:colcon.colcon_core.package_identification:_identify(.) by extension 'ament_gradle'
[0.403s] Level 1:colcon.colcon_core.package_identification:_identify(.) by extensions ['ros']
[0.403s] Level 1:colcon.colcon_core.package_identification:_identify(.) by extension 'ros'
[0.416s] DEBUG:colcon.colcon_core.package_identification:Package '.' with type 'ros.ament_python' and name 'listener'
[0.416s] Level 1:colcon.colcon_core.package_discovery:discover_packages(recursive) using defaults
[0.416s] Level 1:colcon.colcon_core.package_discovery:discover_packages(ignore) discover
[0.416s] Level 1:colcon.colcon_core.package_discovery:discover_packages(ignore) using defaults
[0.416s] Level 1:colcon.colcon_core.package_discovery:discover_packages(path) discover
[0.416s] Level 1:colcon.colcon_core.package_discovery:discover_packages(path) using defaults
[0.440s] Level 1:colcon.colcon_core.package_discovery:discover_packages(prefix_path) check parameters
[0.440s] Level 1:colcon.colcon_core.package_discovery:discover_packages(prefix_path) discover
[0.442s] DEBUG:colcon.colcon_installed_package_information.package_discovery:Found 1 installed packages in /home/misfit/test_ws/src/talker/install
[0.444s] DEBUG:colcon.colcon_installed_package_information.package_discovery:Found 280 installed packages in /opt/ros/humble
[0.446s] Level 1:colcon.colcon_core.package_discovery:discover_packages(prefix_path) using defaults
[0.509s] Level 5:colcon.colcon_core.verb:set package 'listener' build argument 'ament_gradle_args' from command line to 'None'
[0.509s] Level 5:colcon.colcon_core.verb:set package 'listener' build argument 'ament_gradle_task' from command line to 'None'
[0.509s] Level 5:colcon.colcon_core.verb:set package 'listener' build argument 'cmake_args' from command line to 'None'
[0.509s] Level 5:colcon.colcon_core.verb:set package 'listener' build argument 'cmake_target' from command line to 'None'
[0.509s] Level 5:colcon.colcon_core.verb:set package 'listener' build argument 'cmake_target_skip_unavailable' from command line to 'False'
[0.509s] Level 5:colcon.colcon_core.verb:set package 'listener' build argument 'cmake_clean_cache' from command line to 'False'
[0.509s] Level 5:colcon.colcon_core.verb:set package 'listener' build argument 'cmake_clean_first' from command line to 'False'
[0.509s] Level 5:colcon.colcon_core.verb:set package 'listener' build argument 'cmake_force_configure' from command line to 'False'
[0.509s] Level 5:colcon.colcon_core.verb:set package 'listener' build argument 'gradle_args' from command line to 'None'
[0.509s] Level 5:colcon.colcon_core.verb:set package 'listener' build argument 'gradle_task' from command line to 'None'
[0.509s] Level 5:colcon.colcon_core.verb:set package 'listener' build argument 'ament_cmake_args' from command line to 'None'
[0.509s] Level 5:colcon.colcon_core.verb:set package 'listener' build argument 'catkin_cmake_args' from command line to 'None'
[0.509s] Level 5:colcon.colcon_core.verb:set package 'listener' build argument 'catkin_skip_building_tests' from command line to 'False'
[0.509s] DEBUG:colcon.colcon_core.verb:Building package 'listener' with the following arguments: {'ament_cmake_args': None, 'ament_gradle_args': None, 'ament_gradle_task': None, 'build_base': '/home/misfit/test_ws/src/listener/build/listener', 'catkin_cmake_args': None, 'catkin_skip_building_tests': False, 'cmake_args': None, 'cmake_clean_cache': False, 'cmake_clean_first': False, 'cmake_force_configure': False, 'cmake_target': None, 'cmake_target_skip_unavailable': False, 'gradle_args': None, 'gradle_task': None, 'install_base': '/home/misfit/test_ws/src/listener/install/listener', 'merge_install': False, 'path': '/home/misfit/test_ws/src/listener', 'symlink_install': False, 'test_result_base': None}
[0.510s] INFO:colcon.colcon_core.executor:Executing jobs using 'parallel' executor
[0.514s] DEBUG:colcon.colcon_parallel_executor.executor.parallel:run_until_complete
[0.514s] INFO:colcon.colcon_ros.task.ament_python.build:Building ROS package in '/home/misfit/test_ws/src/listener' with build type 'ament_python'
[0.514s] Level 1:colcon.colcon_core.shell:create_environment_hook('listener', 'ament_prefix_path')
[0.519s] INFO:colcon.colcon_core.plugin_system:Skipping extension 'colcon_core.shell.bat': Not used on non-Windows systems
[0.519s] INFO:colcon.colcon_core.shell:Creating environment hook '/home/misfit/test_ws/src/listener/install/listener/share/listener/hook/ament_prefix_path.ps1'
[0.520s] INFO:colcon.colcon_core.shell:Creating environment descriptor '/home/misfit/test_ws/src/listener/install/listener/share/listener/hook/ament_prefix_path.dsv'
[0.520s] INFO:colcon.colcon_core.shell:Creating environment hook '/home/misfit/test_ws/src/listener/install/listener/share/listener/hook/ament_prefix_path.sh'
[0.522s] INFO:colcon.colcon_core.shell:Skip shell extension 'powershell' for command environment: Not usable outside of PowerShell
[0.522s] DEBUG:colcon.colcon_core.shell:Skip shell extension 'dsv' for command environment
[0.783s] INFO:colcon.colcon_core.task.python.build:Building Python package in '/home/misfit/test_ws/src/listener'
[0.785s] INFO:colcon.colcon_core.shell:Skip shell extension 'powershell' for command environment: Not usable outside of PowerShell
[0.785s] DEBUG:colcon.colcon_core.shell:Skip shell extension 'dsv' for command environment
[1.161s] DEBUG:colcon.colcon_core.event_handler.log_command:Invoking command in '/home/misfit/test_ws/src/listener': PYTHONPATH=/home/misfit/test_ws/src/listener/install/listener/lib/python3.10/site-packages:${PYTHONPATH} /usr/bin/python3 setup.py egg_info --egg-base build/listener build --build-base /home/misfit/test_ws/src/listener/build/listener/build install --prefix /home/misfit/test_ws/src/listener/install/listener --record /home/misfit/test_ws/src/listener/build/listener/install.log --single-version-externally-managed
[1.472s] DEBUG:colcon.colcon_core.event_handler.log_command:Invoked command in '/home/misfit/test_ws/src/listener' returned '0': PYTHONPATH=/home/misfit/test_ws/src/listener/install/listener/lib/python3.10/site-packages:${PYTHONPATH} /usr/bin/python3 setup.py egg_info --egg-base build/listener build --build-base /home/misfit/test_ws/src/listener/build/listener/build install --prefix /home/misfit/test_ws/src/listener/install/listener --record /home/misfit/test_ws/src/listener/build/listener/install.log --single-version-externally-managed
[1.477s] Level 1:colcon.colcon_core.environment:checking '/home/misfit/test_ws/src/listener/install/listener' for CMake module files
[1.480s] Level 1:colcon.colcon_core.environment:checking '/home/misfit/test_ws/src/listener/install/listener' for CMake config files
[1.481s] Level 1:colcon.colcon_core.environment:checking '/home/misfit/test_ws/src/listener/install/listener/lib'
[1.481s] Level 1:colcon.colcon_core.environment:checking '/home/misfit/test_ws/src/listener/install/listener/bin'
[1.481s] Level 1:colcon.colcon_core.environment:checking '/home/misfit/test_ws/src/listener/install/listener/lib/pkgconfig/listener.pc'
[1.482s] Level 1:colcon.colcon_core.environment:checking '/home/misfit/test_ws/src/listener/install/listener/lib/python3.10/site-packages'
[1.482s] Level 1:colcon.colcon_core.shell:create_environment_hook('listener', 'pythonpath')
[1.484s] INFO:colcon.colcon_core.shell:Creating environment hook '/home/misfit/test_ws/src/listener/install/listener/share/listener/hook/pythonpath.ps1'
[1.484s] INFO:colcon.colcon_core.shell:Creating environment descriptor '/home/misfit/test_ws/src/listener/install/listener/share/listener/hook/pythonpath.dsv'
[1.485s] INFO:colcon.colcon_core.shell:Creating environment hook '/home/misfit/test_ws/src/listener/install/listener/share/listener/hook/pythonpath.sh'
[1.486s] Level 1:colcon.colcon_core.environment:checking '/home/misfit/test_ws/src/listener/install/listener/bin'
[1.486s] Level 1:colcon.colcon_core.environment:create_environment_scripts_only(listener)
[1.489s] INFO:colcon.colcon_core.shell:Creating package script '/home/misfit/test_ws/src/listener/install/listener/share/listener/package.ps1'
[1.495s] INFO:colcon.colcon_core.shell:Creating package descriptor '/home/misfit/test_ws/src/listener/install/listener/share/listener/package.dsv'
[1.502s] INFO:colcon.colcon_core.shell:Creating package script '/home/misfit/test_ws/src/listener/install/listener/share/listener/package.sh'
[1.504s] INFO:colcon.colcon_core.shell:Creating package script '/home/misfit/test_ws/src/listener/install/listener/share/listener/package.bash'
[1.505s] INFO:colcon.colcon_core.shell:Creating package script '/home/misfit/test_ws/src/listener/install/listener/share/listener/package.zsh'
[1.506s] Level 1:colcon.colcon_core.environment:create_file_with_runtime_dependencies(/home/misfit/test_ws/src/listener/install/listener/share/colcon-core/packages/listener)
[1.507s] DEBUG:colcon.colcon_parallel_executor.executor.parallel:closing loop
[1.507s] DEBUG:colcon.colcon_parallel_executor.executor.parallel:loop closed
[1.508s] DEBUG:colcon.colcon_parallel_executor.executor.parallel:run_until_complete finished with '0'
[1.508s] DEBUG:colcon.colcon_core.event_reactor:joining thread
[1.518s] INFO:colcon.colcon_core.plugin_system:Skipping extension 'colcon_notification.desktop_notification.terminal_notifier': Not used on non-Darwin systems
[1.518s] INFO:colcon.colcon_core.plugin_system:Skipping extension 'colcon_notification.desktop_notification.win32': Not used on non-Windows systems
[1.519s] INFO:colcon.colcon_notification.desktop_notification:Sending desktop notification using 'notify2'
[1.539s] DEBUG:colcon.colcon_core.event_reactor:joined thread
[1.541s] INFO:colcon.colcon_core.shell:Creating prefix script '/home/misfit/test_ws/src/listener/install/local_setup.ps1'
[1.542s] INFO:colcon.colcon_core.shell:Creating prefix util module '/home/misfit/test_ws/src/listener/install/_local_setup_util_ps1.py'
[1.544s] INFO:colcon.colcon_core.shell:Creating prefix chain script '/home/misfit/test_ws/src/listener/install/setup.ps1'
[1.546s] INFO:colcon.colcon_core.shell:Creating prefix script '/home/misfit/test_ws/src/listener/install/local_setup.sh'
[1.548s] INFO:colcon.colcon_core.shell:Creating prefix util module '/home/misfit/test_ws/src/listener/install/_local_setup_util_sh.py'
[1.559s] INFO:colcon.colcon_core.shell:Creating prefix chain script '/home/misfit/test_ws/src/listener/install/setup.sh'
[1.561s] INFO:colcon.colcon_core.shell:Creating prefix script '/home/misfit/test_ws/src/listener/install/local_setup.bash'
[1.562s] INFO:colcon.colcon_core.shell:Creating prefix chain script '/home/misfit/test_ws/src/listener/install/setup.bash'
[1.563s] INFO:colcon.colcon_core.shell:Creating prefix script '/home/misfit/test_ws/src/listener/install/local_setup.zsh'
[1.564s] INFO:colcon.colcon_core.shell:Creating prefix chain script '/home/misfit/test_ws/src/listener/install/setup.zsh'
