[1.174s] Invoking command in '/home/misfit/test_ws/src/listener': PYTHONPATH=/home/misfit/test_ws/install/listener/lib/python3.10/site-packages:${PYTHONPATH} /usr/bin/python3 setup.py egg_info --egg-base ../../build/listener build --build-base /home/misfit/test_ws/build/listener/build install --prefix /home/misfit/test_ws/install/listener --record /home/misfit/test_ws/build/listener/install.log --single-version-externally-managed
[1.414s] running egg_info
[1.415s] writing ../../build/listener/listener.egg-info/PKG-INFO
[1.415s] writing dependency_links to ../../build/listener/listener.egg-info/dependency_links.txt
[1.415s] writing entry points to ../../build/listener/listener.egg-info/entry_points.txt
[1.415s] writing requirements to ../../build/listener/listener.egg-info/requires.txt
[1.416s] writing top-level names to ../../build/listener/listener.egg-info/top_level.txt
[1.417s] reading manifest file '../../build/listener/listener.egg-info/SOURCES.txt'
[1.418s] writing manifest file '../../build/listener/listener.egg-info/SOURCES.txt'
[1.419s] running build
[1.419s] running build_py
[1.419s] copying listener/main.py -> /home/misfit/test_ws/build/listener/build/lib/listener
[1.419s] running install
[1.420s] /usr/lib/python3/dist-packages/setuptools/command/install.py:34: SetuptoolsDeprecationWarning: setup.py install is deprecated. Use build and pip and other standards-based tools.
[1.420s]   warnings.warn(
[1.421s] running install_lib
[1.421s] copying /home/misfit/test_ws/build/listener/build/lib/listener/main.py -> /home/misfit/test_ws/install/listener/lib/python3.10/site-packages/listener
[1.422s] byte-compiling /home/misfit/test_ws/install/listener/lib/python3.10/site-packages/listener/main.py to main.cpython-310.pyc
[1.422s] running install_data
[1.423s] running install_egg_info
[1.424s] removing '/home/misfit/test_ws/install/listener/lib/python3.10/site-packages/listener-0.0.0-py3.10.egg-info' (and everything under it)
[1.425s] Copying ../../build/listener/listener.egg-info to /home/misfit/test_ws/install/listener/lib/python3.10/site-packages/listener-0.0.0-py3.10.egg-info
[1.426s] running install_scripts
[1.447s] Installing listener script to /home/misfit/test_ws/install/listener/lib/listener
[1.448s] writing list of installed files to '/home/misfit/test_ws/build/listener/install.log'
[1.502s] Invoked command in '/home/misfit/test_ws/src/listener' returned '0': PYTHONPATH=/home/misfit/test_ws/install/listener/lib/python3.10/site-packages:${PYTHONPATH} /usr/bin/python3 setup.py egg_info --egg-base ../../build/listener build --build-base /home/misfit/test_ws/build/listener/build install --prefix /home/misfit/test_ws/install/listener --record /home/misfit/test_ws/build/listener/install.log --single-version-externally-managed
