[1.156s] Invoking command in '/home/misfit/test_ws/src/talker/talker': PYTHONPATH=/home/misfit/test_ws/install/talker/lib/python3.10/site-packages:${PYTHONPATH} /usr/bin/python3 setup.py egg_info --egg-base ../../../build/talker build --build-base /home/misfit/test_ws/build/talker/build install --prefix /home/misfit/test_ws/install/talker --record /home/misfit/test_ws/build/talker/install.log --single-version-externally-managed
[1.395s] running egg_info
[1.395s] writing ../../../build/talker/talker.egg-info/PKG-INFO
[1.396s] writing dependency_links to ../../../build/talker/talker.egg-info/dependency_links.txt
[1.396s] writing entry points to ../../../build/talker/talker.egg-info/entry_points.txt
[1.396s] writing requirements to ../../../build/talker/talker.egg-info/requires.txt
[1.396s] writing top-level names to ../../../build/talker/talker.egg-info/top_level.txt
[1.398s] reading manifest file '../../../build/talker/talker.egg-info/SOURCES.txt'
[1.399s] writing manifest file '../../../build/talker/talker.egg-info/SOURCES.txt'
[1.399s] running build
[1.399s] running build_py
[1.399s] copying talker/main.py -> /home/misfit/test_ws/build/talker/build/lib/talker
[1.400s] running install
[1.400s] /usr/lib/python3/dist-packages/setuptools/command/install.py:34: SetuptoolsDeprecationWarning: setup.py install is deprecated. Use build and pip and other standards-based tools.
[1.400s]   warnings.warn(
[1.400s] running install_lib
[1.400s] copying /home/misfit/test_ws/build/talker/build/lib/talker/main.py -> /home/misfit/test_ws/install/talker/lib/python3.10/site-packages/talker
[1.401s] byte-compiling /home/misfit/test_ws/install/talker/lib/python3.10/site-packages/talker/main.py to main.cpython-310.pyc
[1.401s] running install_data
[1.402s] running install_egg_info
[1.404s] removing '/home/misfit/test_ws/install/talker/lib/python3.10/site-packages/talker-0.0.0-py3.10.egg-info' (and everything under it)
[1.405s] Copying ../../../build/talker/talker.egg-info to /home/misfit/test_ws/install/talker/lib/python3.10/site-packages/talker-0.0.0-py3.10.egg-info
[1.406s] running install_scripts
[1.430s] Installing talker script to /home/misfit/test_ws/install/talker/lib/talker
[1.431s] writing list of installed files to '/home/misfit/test_ws/build/talker/install.log'
[1.494s] Invoked command in '/home/misfit/test_ws/src/talker/talker' returned '0': PYTHONPATH=/home/misfit/test_ws/install/talker/lib/python3.10/site-packages:${PYTHONPATH} /usr/bin/python3 setup.py egg_info --egg-base ../../../build/talker build --build-base /home/misfit/test_ws/build/talker/build install --prefix /home/misfit/test_ws/install/talker --record /home/misfit/test_ws/build/talker/install.log --single-version-externally-managed
