[0.360s] DEBUG:colcon:Command line arguments: ['/usr/bin/colcon', 'build']
[0.360s] DEBUG:colcon:Parsed command line arguments: Namespace(log_base=None, log_level=None, verb_name='build', build_base='build', install_base='install', merge_install=False, symlink_install=False, test_result_base=None, continue_on_error=False, executor='parallel', parallel_workers=5, event_handlers=None, ignore_user_meta=False, metas=['./colcon.meta'], base_paths=['.'], packages_ignore=None, packages_ignore_regex=None, paths=None, packages_up_to=None, packages_up_to_regex=None, packages_above=None, packages_above_and_dependencies=None, packages_above_depth=None, packages_select_by_dep=None, packages_skip_by_dep=None, packages_skip_up_to=None, packages_select_build_failed=False, packages_skip_build_finished=False, packages_select_test_failures=False, packages_skip_test_passed=False, packages_select=None, packages_skip=None, packages_select_regex=None, packages_skip_regex=None, packages_start=None, packages_end=None, allow_overriding=[], ament_gradle_args=None, ament_gradle_task=None, cmake_args=None, cmake_target=None, cmake_target_skip_unavailable=False, cmake_clean_cache=False, cmake_clean_first=False, cmake_force_configure=False, gradle_args=None, gradle_task=None, ament_cmake_args=None, catkin_cmake_args=None, catkin_skip_building_tests=False, verb_parser=<colcon_defaults.argument_parser.defaults.DefaultArgumentsDecorator object at 0x7f15537ade10>, verb_extension=<colcon_core.verb.build.BuildVerb object at 0x7f1554139480>, main=<bound method BuildVerb.main of <colcon_core.verb.build.BuildVerb object at 0x7f1554139480>>)
[0.390s] Level 1:colcon.colcon_core.package_discovery:discover_packages(colcon_meta) check parameters
[0.390s] Level 1:colcon.colcon_core.package_discovery:discover_packages(recursive) check parameters
[0.390s] Level 1:colcon.colcon_core.package_discovery:discover_packages(ignore) check parameters
[0.390s] Level 1:colcon.colcon_core.package_discovery:discover_packages(path) check parameters
[0.390s] Level 1:colcon.colcon_core.package_discovery:discover_packages(colcon_meta) discover
[0.390s] Level 1:colcon.colcon_core.package_discovery:discover_packages(recursive) discover
[0.390s] INFO:colcon.colcon_core.package_discovery:Crawling recursively for packages in '/home/misfit/test_ws'
[0.390s] Level 1:colcon.colcon_core.package_identification:_identify(.) by extensions ['ignore', 'ignore_ament_install']
[0.390s] Level 1:colcon.colcon_core.package_identification:_identify(.) by extension 'ignore'
[0.390s] Level 1:colcon.colcon_core.package_identification:_identify(.) by extension 'ignore_ament_install'
[0.390s] Level 1:colcon.colcon_core.package_identification:_identify(.) by extensions ['colcon_pkg']
[0.390s] Level 1:colcon.colcon_core.package_identification:_identify(.) by extension 'colcon_pkg'
[0.390s] Level 1:colcon.colcon_core.package_identification:_identify(.) by extensions ['colcon_meta']
[0.391s] Level 1:colcon.colcon_core.package_identification:_identify(.) by extension 'colcon_meta'
[0.391s] Level 1:colcon.colcon_core.package_identification:_identify(.) by extensions ['ament_gradle']
[0.391s] Level 1:colcon.colcon_core.package_identification:_identify(.) by extension 'ament_gradle'
[0.391s] Level 1:colcon.colcon_core.package_identification:_identify(.) by extensions ['ros']
[0.391s] Level 1:colcon.colcon_core.package_identification:_identify(.) by extension 'ros'
[0.401s] Level 1:colcon.colcon_core.package_identification:_identify(.) by extensions ['cmake', 'gradle', 'python']
[0.402s] Level 1:colcon.colcon_core.package_identification:_identify(.) by extension 'cmake'
[0.402s] Level 1:colcon.colcon_core.package_identification:_identify(.) by extension 'gradle'
[0.402s] Level 1:colcon.colcon_core.package_identification:_identify(.) by extension 'python'
[0.402s] Level 1:colcon.colcon_core.package_identification:_identify(.) by extensions ['python_setup_py']
[0.402s] Level 1:colcon.colcon_core.package_identification:_identify(.) by extension 'python_setup_py'
[0.402s] Level 1:colcon.colcon_core.package_identification:_identify(build) by extensions ['ignore', 'ignore_ament_install']
[0.402s] Level 1:colcon.colcon_core.package_identification:_identify(build) by extension 'ignore'
[0.402s] Level 1:colcon.colcon_core.package_identification:_identify(build) ignored
[0.402s] Level 1:colcon.colcon_core.package_identification:_identify(install) by extensions ['ignore', 'ignore_ament_install']
[0.402s] Level 1:colcon.colcon_core.package_identification:_identify(install) by extension 'ignore'
[0.402s] Level 1:colcon.colcon_core.package_identification:_identify(install) ignored
[0.402s] Level 1:colcon.colcon_core.package_identification:_identify(log) by extensions ['ignore', 'ignore_ament_install']
[0.402s] Level 1:colcon.colcon_core.package_identification:_identify(log) by extension 'ignore'
[0.402s] Level 1:colcon.colcon_core.package_identification:_identify(log) ignored
[0.402s] Level 1:colcon.colcon_core.package_identification:_identify(scripts) by extensions ['ignore', 'ignore_ament_install']
[0.402s] Level 1:colcon.colcon_core.package_identification:_identify(scripts) by extension 'ignore'
[0.402s] Level 1:colcon.colcon_core.package_identification:_identify(scripts) by extension 'ignore_ament_install'
[0.403s] Level 1:colcon.colcon_core.package_identification:_identify(scripts) by extensions ['colcon_pkg']
[0.403s] Level 1:colcon.colcon_core.package_identification:_identify(scripts) by extension 'colcon_pkg'
[0.403s] Level 1:colcon.colcon_core.package_identification:_identify(scripts) by extensions ['colcon_meta']
[0.403s] Level 1:colcon.colcon_core.package_identification:_identify(scripts) by extension 'colcon_meta'
[0.403s] Level 1:colcon.colcon_core.package_identification:_identify(scripts) by extensions ['ament_gradle']
[0.403s] Level 1:colcon.colcon_core.package_identification:_identify(scripts) by extension 'ament_gradle'
[0.403s] Level 1:colcon.colcon_core.package_identification:_identify(scripts) by extensions ['ros']
[0.403s] Level 1:colcon.colcon_core.package_identification:_identify(scripts) by extension 'ros'
[0.403s] Level 1:colcon.colcon_core.package_identification:_identify(scripts) by extensions ['cmake', 'gradle', 'python']
[0.403s] Level 1:colcon.colcon_core.package_identification:_identify(scripts) by extension 'cmake'
[0.403s] Level 1:colcon.colcon_core.package_identification:_identify(scripts) by extension 'gradle'
[0.403s] Level 1:colcon.colcon_core.package_identification:_identify(scripts) by extension 'python'
[0.403s] Level 1:colcon.colcon_core.package_identification:_identify(scripts) by extensions ['python_setup_py']
[0.403s] Level 1:colcon.colcon_core.package_identification:_identify(scripts) by extension 'python_setup_py'
[0.403s] Level 1:colcon.colcon_core.package_identification:_identify(src) by extensions ['ignore', 'ignore_ament_install']
[0.403s] Level 1:colcon.colcon_core.package_identification:_identify(src) by extension 'ignore'
[0.403s] Level 1:colcon.colcon_core.package_identification:_identify(src) by extension 'ignore_ament_install'
[0.403s] Level 1:colcon.colcon_core.package_identification:_identify(src) by extensions ['colcon_pkg']
[0.403s] Level 1:colcon.colcon_core.package_identification:_identify(src) by extension 'colcon_pkg'
[0.403s] Level 1:colcon.colcon_core.package_identification:_identify(src) by extensions ['colcon_meta']
[0.403s] Level 1:colcon.colcon_core.package_identification:_identify(src) by extension 'colcon_meta'
[0.403s] Level 1:colcon.colcon_core.package_identification:_identify(src) by extensions ['ament_gradle']
[0.403s] Level 1:colcon.colcon_core.package_identification:_identify(src) by extension 'ament_gradle'
[0.403s] Level 1:colcon.colcon_core.package_identification:_identify(src) by extensions ['ros']
[0.403s] Level 1:colcon.colcon_core.package_identification:_identify(src) by extension 'ros'
[0.403s] Level 1:colcon.colcon_core.package_identification:_identify(src) by extensions ['cmake', 'gradle', 'python']
[0.404s] Level 1:colcon.colcon_core.package_identification:_identify(src) by extension 'cmake'
[0.404s] Level 1:colcon.colcon_core.package_identification:_identify(src) by extension 'gradle'
[0.404s] Level 1:colcon.colcon_core.package_identification:_identify(src) by extension 'python'
[0.404s] Level 1:colcon.colcon_core.package_identification:_identify(src) by extensions ['python_setup_py']
[0.404s] Level 1:colcon.colcon_core.package_identification:_identify(src) by extension 'python_setup_py'
[0.404s] Level 1:colcon.colcon_core.package_identification:_identify(src/build) by extensions ['ignore', 'ignore_ament_install']
[0.404s] Level 1:colcon.colcon_core.package_identification:_identify(src/build) by extension 'ignore'
[0.404s] Level 1:colcon.colcon_core.package_identification:_identify(src/build) ignored
[0.404s] Level 1:colcon.colcon_core.package_identification:_identify(src/install) by extensions ['ignore', 'ignore_ament_install']
[0.404s] Level 1:colcon.colcon_core.package_identification:_identify(src/install) by extension 'ignore'
[0.404s] Level 1:colcon.colcon_core.package_identification:_identify(src/install) ignored
[0.404s] Level 1:colcon.colcon_core.package_identification:_identify(src/listener) by extensions ['ignore', 'ignore_ament_install']
[0.404s] Level 1:colcon.colcon_core.package_identification:_identify(src/listener) by extension 'ignore'
[0.404s] Level 1:colcon.colcon_core.package_identification:_identify(src/listener) by extension 'ignore_ament_install'
[0.404s] Level 1:colcon.colcon_core.package_identification:_identify(src/listener) by extensions ['colcon_pkg']
[0.404s] Level 1:colcon.colcon_core.package_identification:_identify(src/listener) by extension 'colcon_pkg'
[0.404s] Level 1:colcon.colcon_core.package_identification:_identify(src/listener) by extensions ['colcon_meta']
[0.404s] Level 1:colcon.colcon_core.package_identification:_identify(src/listener) by extension 'colcon_meta'
[0.404s] Level 1:colcon.colcon_core.package_identification:_identify(src/listener) by extensions ['ament_gradle']
[0.404s] Level 1:colcon.colcon_core.package_identification:_identify(src/listener) by extension 'ament_gradle'
[0.404s] Level 1:colcon.colcon_core.package_identification:_identify(src/listener) by extensions ['ros']
[0.405s] Level 1:colcon.colcon_core.package_identification:_identify(src/listener) by extension 'ros'
[0.407s] DEBUG:colcon.colcon_core.package_identification:Package 'src/listener' with type 'ros.ament_python' and name 'listener'
[0.407s] Level 1:colcon.colcon_core.package_identification:_identify(src/log) by extensions ['ignore', 'ignore_ament_install']
[0.407s] Level 1:colcon.colcon_core.package_identification:_identify(src/log) by extension 'ignore'
[0.407s] Level 1:colcon.colcon_core.package_identification:_identify(src/log) ignored
[0.407s] Level 1:colcon.colcon_core.package_identification:_identify(src/practice) by extensions ['ignore', 'ignore_ament_install']
[0.408s] Level 1:colcon.colcon_core.package_identification:_identify(src/practice) by extension 'ignore'
[0.408s] Level 1:colcon.colcon_core.package_identification:_identify(src/practice) by extension 'ignore_ament_install'
[0.408s] Level 1:colcon.colcon_core.package_identification:_identify(src/practice) by extensions ['colcon_pkg']
[0.408s] Level 1:colcon.colcon_core.package_identification:_identify(src/practice) by extension 'colcon_pkg'
[0.408s] Level 1:colcon.colcon_core.package_identification:_identify(src/practice) by extensions ['colcon_meta']
[0.408s] Level 1:colcon.colcon_core.package_identification:_identify(src/practice) by extension 'colcon_meta'
[0.408s] Level 1:colcon.colcon_core.package_identification:_identify(src/practice) by extensions ['ament_gradle']
[0.408s] Level 1:colcon.colcon_core.package_identification:_identify(src/practice) by extension 'ament_gradle'
[0.408s] Level 1:colcon.colcon_core.package_identification:_identify(src/practice) by extensions ['ros']
[0.408s] Level 1:colcon.colcon_core.package_identification:_identify(src/practice) by extension 'ros'
[0.408s] DEBUG:colcon.colcon_core.package_identification:Package 'src/practice' with type 'ros.ament_python' and name 'practice'
[0.408s] Level 1:colcon.colcon_core.package_identification:_identify(src/talker) by extensions ['ignore', 'ignore_ament_install']
[0.409s] Level 1:colcon.colcon_core.package_identification:_identify(src/talker) by extension 'ignore'
[0.409s] Level 1:colcon.colcon_core.package_identification:_identify(src/talker) by extension 'ignore_ament_install'
[0.409s] Level 1:colcon.colcon_core.package_identification:_identify(src/talker) by extensions ['colcon_pkg']
[0.409s] Level 1:colcon.colcon_core.package_identification:_identify(src/talker) by extension 'colcon_pkg'
[0.409s] Level 1:colcon.colcon_core.package_identification:_identify(src/talker) by extensions ['colcon_meta']
[0.409s] Level 1:colcon.colcon_core.package_identification:_identify(src/talker) by extension 'colcon_meta'
[0.409s] Level 1:colcon.colcon_core.package_identification:_identify(src/talker) by extensions ['ament_gradle']
[0.409s] Level 1:colcon.colcon_core.package_identification:_identify(src/talker) by extension 'ament_gradle'
[0.409s] Level 1:colcon.colcon_core.package_identification:_identify(src/talker) by extensions ['ros']
[0.409s] Level 1:colcon.colcon_core.package_identification:_identify(src/talker) by extension 'ros'
[0.409s] Level 1:colcon.colcon_core.package_identification:_identify(src/talker) by extensions ['cmake', 'gradle', 'python']
[0.409s] Level 1:colcon.colcon_core.package_identification:_identify(src/talker) by extension 'cmake'
[0.409s] Level 1:colcon.colcon_core.package_identification:_identify(src/talker) by extension 'gradle'
[0.409s] Level 1:colcon.colcon_core.package_identification:_identify(src/talker) by extension 'python'
[0.409s] Level 1:colcon.colcon_core.package_identification:_identify(src/talker) by extensions ['python_setup_py']
[0.409s] Level 1:colcon.colcon_core.package_identification:_identify(src/talker) by extension 'python_setup_py'
[0.409s] Level 1:colcon.colcon_core.package_identification:_identify(src/talker/build) by extensions ['ignore', 'ignore_ament_install']
[0.409s] Level 1:colcon.colcon_core.package_identification:_identify(src/talker/build) by extension 'ignore'
[0.409s] Level 1:colcon.colcon_core.package_identification:_identify(src/talker/build) ignored
[0.409s] Level 1:colcon.colcon_core.package_identification:_identify(src/talker/install) by extensions ['ignore', 'ignore_ament_install']
[0.409s] Level 1:colcon.colcon_core.package_identification:_identify(src/talker/install) by extension 'ignore'
[0.409s] Level 1:colcon.colcon_core.package_identification:_identify(src/talker/install) ignored
[0.410s] Level 1:colcon.colcon_core.package_identification:_identify(src/talker/log) by extensions ['ignore', 'ignore_ament_install']
[0.410s] Level 1:colcon.colcon_core.package_identification:_identify(src/talker/log) by extension 'ignore'
[0.410s] Level 1:colcon.colcon_core.package_identification:_identify(src/talker/log) ignored
[0.410s] Level 1:colcon.colcon_core.package_identification:_identify(src/talker/talker) by extensions ['ignore', 'ignore_ament_install']
[0.410s] Level 1:colcon.colcon_core.package_identification:_identify(src/talker/talker) by extension 'ignore'
[0.410s] Level 1:colcon.colcon_core.package_identification:_identify(src/talker/talker) by extension 'ignore_ament_install'
[0.410s] Level 1:colcon.colcon_core.package_identification:_identify(src/talker/talker) by extensions ['colcon_pkg']
[0.410s] Level 1:colcon.colcon_core.package_identification:_identify(src/talker/talker) by extension 'colcon_pkg'
[0.410s] Level 1:colcon.colcon_core.package_identification:_identify(src/talker/talker) by extensions ['colcon_meta']
[0.410s] Level 1:colcon.colcon_core.package_identification:_identify(src/talker/talker) by extension 'colcon_meta'
[0.410s] Level 1:colcon.colcon_core.package_identification:_identify(src/talker/talker) by extensions ['ament_gradle']
[0.410s] Level 1:colcon.colcon_core.package_identification:_identify(src/talker/talker) by extension 'ament_gradle'
[0.410s] Level 1:colcon.colcon_core.package_identification:_identify(src/talker/talker) by extensions ['ros']
[0.410s] Level 1:colcon.colcon_core.package_identification:_identify(src/talker/talker) by extension 'ros'
[0.411s] DEBUG:colcon.colcon_core.package_identification:Package 'src/talker/talker' with type 'ros.ament_python' and name 'talker'
[0.411s] Level 1:colcon.colcon_core.package_discovery:discover_packages(recursive) using defaults
[0.411s] Level 1:colcon.colcon_core.package_discovery:discover_packages(ignore) discover
[0.411s] Level 1:colcon.colcon_core.package_discovery:discover_packages(ignore) using defaults
[0.411s] Level 1:colcon.colcon_core.package_discovery:discover_packages(path) discover
[0.411s] Level 1:colcon.colcon_core.package_discovery:discover_packages(path) using defaults
[0.434s] Level 1:colcon.colcon_core.package_discovery:discover_packages(prefix_path) check parameters
[0.434s] Level 1:colcon.colcon_core.package_discovery:discover_packages(prefix_path) discover
[0.435s] WARNING:colcon.colcon_ros.prefix_path.ament:The path '/home/misfit/test_ws/install/talker' in the environment variable AMENT_PREFIX_PATH doesn't exist
[0.435s] WARNING:colcon.colcon_ros.prefix_path.ament:The path '/home/misfit/test_ws/install/practice' in the environment variable AMENT_PREFIX_PATH doesn't exist
[0.435s] WARNING:colcon.colcon_ros.prefix_path.ament:The path '/home/misfit/test_ws/install/listener' in the environment variable AMENT_PREFIX_PATH doesn't exist
[0.436s] DEBUG:colcon.colcon_installed_package_information.package_discovery:Found 0 installed packages in /home/misfit/test_ws/install
[0.438s] DEBUG:colcon.colcon_installed_package_information.package_discovery:Found 280 installed packages in /opt/ros/humble
[0.440s] Level 1:colcon.colcon_core.package_discovery:discover_packages(prefix_path) using defaults
[0.510s] Level 5:colcon.colcon_core.verb:set package 'listener' build argument 'ament_gradle_args' from command line to 'None'
[0.510s] Level 5:colcon.colcon_core.verb:set package 'listener' build argument 'ament_gradle_task' from command line to 'None'
[0.510s] Level 5:colcon.colcon_core.verb:set package 'listener' build argument 'cmake_args' from command line to 'None'
[0.510s] Level 5:colcon.colcon_core.verb:set package 'listener' build argument 'cmake_target' from command line to 'None'
[0.510s] Level 5:colcon.colcon_core.verb:set package 'listener' build argument 'cmake_target_skip_unavailable' from command line to 'False'
[0.511s] Level 5:colcon.colcon_core.verb:set package 'listener' build argument 'cmake_clean_cache' from command line to 'False'
[0.511s] Level 5:colcon.colcon_core.verb:set package 'listener' build argument 'cmake_clean_first' from command line to 'False'
[0.511s] Level 5:colcon.colcon_core.verb:set package 'listener' build argument 'cmake_force_configure' from command line to 'False'
[0.511s] Level 5:colcon.colcon_core.verb:set package 'listener' build argument 'gradle_args' from command line to 'None'
[0.511s] Level 5:colcon.colcon_core.verb:set package 'listener' build argument 'gradle_task' from command line to 'None'
[0.511s] Level 5:colcon.colcon_core.verb:set package 'listener' build argument 'ament_cmake_args' from command line to 'None'
[0.511s] Level 5:colcon.colcon_core.verb:set package 'listener' build argument 'catkin_cmake_args' from command line to 'None'
[0.511s] Level 5:colcon.colcon_core.verb:set package 'listener' build argument 'catkin_skip_building_tests' from command line to 'False'
[0.511s] DEBUG:colcon.colcon_core.verb:Building package 'listener' with the following arguments: {'ament_cmake_args': None, 'ament_gradle_args': None, 'ament_gradle_task': None, 'build_base': '/home/misfit/test_ws/build/listener', 'catkin_cmake_args': None, 'catkin_skip_building_tests': False, 'cmake_args': None, 'cmake_clean_cache': False, 'cmake_clean_first': False, 'cmake_force_configure': False, 'cmake_target': None, 'cmake_target_skip_unavailable': False, 'gradle_args': None, 'gradle_task': None, 'install_base': '/home/misfit/test_ws/install/listener', 'merge_install': False, 'path': '/home/misfit/test_ws/src/listener', 'symlink_install': False, 'test_result_base': None}
[0.512s] Level 5:colcon.colcon_core.verb:set package 'practice' build argument 'ament_gradle_args' from command line to 'None'
[0.513s] Level 5:colcon.colcon_core.verb:set package 'practice' build argument 'ament_gradle_task' from command line to 'None'
[0.513s] Level 5:colcon.colcon_core.verb:set package 'practice' build argument 'cmake_args' from command line to 'None'
[0.513s] Level 5:colcon.colcon_core.verb:set package 'practice' build argument 'cmake_target' from command line to 'None'
[0.513s] Level 5:colcon.colcon_core.verb:set package 'practice' build argument 'cmake_target_skip_unavailable' from command line to 'False'
[0.513s] Level 5:colcon.colcon_core.verb:set package 'practice' build argument 'cmake_clean_cache' from command line to 'False'
[0.513s] Level 5:colcon.colcon_core.verb:set package 'practice' build argument 'cmake_clean_first' from command line to 'False'
[0.513s] Level 5:colcon.colcon_core.verb:set package 'practice' build argument 'cmake_force_configure' from command line to 'False'
[0.513s] Level 5:colcon.colcon_core.verb:set package 'practice' build argument 'gradle_args' from command line to 'None'
[0.513s] Level 5:colcon.colcon_core.verb:set package 'practice' build argument 'gradle_task' from command line to 'None'
[0.513s] Level 5:colcon.colcon_core.verb:set package 'practice' build argument 'ament_cmake_args' from command line to 'None'
[0.513s] Level 5:colcon.colcon_core.verb:set package 'practice' build argument 'catkin_cmake_args' from command line to 'None'
[0.513s] Level 5:colcon.colcon_core.verb:set package 'practice' build argument 'catkin_skip_building_tests' from command line to 'False'
[0.513s] DEBUG:colcon.colcon_core.verb:Building package 'practice' with the following arguments: {'ament_cmake_args': None, 'ament_gradle_args': None, 'ament_gradle_task': None, 'build_base': '/home/misfit/test_ws/build/practice', 'catkin_cmake_args': None, 'catkin_skip_building_tests': False, 'cmake_args': None, 'cmake_clean_cache': False, 'cmake_clean_first': False, 'cmake_force_configure': False, 'cmake_target': None, 'cmake_target_skip_unavailable': False, 'gradle_args': None, 'gradle_task': None, 'install_base': '/home/misfit/test_ws/install/practice', 'merge_install': False, 'path': '/home/misfit/test_ws/src/practice', 'symlink_install': False, 'test_result_base': None}
[0.514s] Level 5:colcon.colcon_core.verb:set package 'talker' build argument 'ament_gradle_args' from command line to 'None'
[0.514s] Level 5:colcon.colcon_core.verb:set package 'talker' build argument 'ament_gradle_task' from command line to 'None'
[0.515s] Level 5:colcon.colcon_core.verb:set package 'talker' build argument 'cmake_args' from command line to 'None'
[0.515s] Level 5:colcon.colcon_core.verb:set package 'talker' build argument 'cmake_target' from command line to 'None'
[0.515s] Level 5:colcon.colcon_core.verb:set package 'talker' build argument 'cmake_target_skip_unavailable' from command line to 'False'
[0.515s] Level 5:colcon.colcon_core.verb:set package 'talker' build argument 'cmake_clean_cache' from command line to 'False'
[0.515s] Level 5:colcon.colcon_core.verb:set package 'talker' build argument 'cmake_clean_first' from command line to 'False'
[0.515s] Level 5:colcon.colcon_core.verb:set package 'talker' build argument 'cmake_force_configure' from command line to 'False'
[0.515s] Level 5:colcon.colcon_core.verb:set package 'talker' build argument 'gradle_args' from command line to 'None'
[0.515s] Level 5:colcon.colcon_core.verb:set package 'talker' build argument 'gradle_task' from command line to 'None'
[0.515s] Level 5:colcon.colcon_core.verb:set package 'talker' build argument 'ament_cmake_args' from command line to 'None'
[0.515s] Level 5:colcon.colcon_core.verb:set package 'talker' build argument 'catkin_cmake_args' from command line to 'None'
[0.515s] Level 5:colcon.colcon_core.verb:set package 'talker' build argument 'catkin_skip_building_tests' from command line to 'False'
[0.515s] DEBUG:colcon.colcon_core.verb:Building package 'talker' with the following arguments: {'ament_cmake_args': None, 'ament_gradle_args': None, 'ament_gradle_task': None, 'build_base': '/home/misfit/test_ws/build/talker', 'catkin_cmake_args': None, 'catkin_skip_building_tests': False, 'cmake_args': None, 'cmake_clean_cache': False, 'cmake_clean_first': False, 'cmake_force_configure': False, 'cmake_target': None, 'cmake_target_skip_unavailable': False, 'gradle_args': None, 'gradle_task': None, 'install_base': '/home/misfit/test_ws/install/talker', 'merge_install': False, 'path': '/home/misfit/test_ws/src/talker/talker', 'symlink_install': False, 'test_result_base': None}
[0.516s] INFO:colcon.colcon_core.executor:Executing jobs using 'parallel' executor
[0.520s] DEBUG:colcon.colcon_parallel_executor.executor.parallel:run_until_complete
[0.521s] INFO:colcon.colcon_ros.task.ament_python.build:Building ROS package in '/home/misfit/test_ws/src/listener' with build type 'ament_python'
[0.521s] Level 1:colcon.colcon_core.shell:create_environment_hook('listener', 'ament_prefix_path')
[0.525s] INFO:colcon.colcon_core.plugin_system:Skipping extension 'colcon_core.shell.bat': Not used on non-Windows systems
[0.526s] INFO:colcon.colcon_core.shell:Creating environment hook '/home/misfit/test_ws/install/listener/share/listener/hook/ament_prefix_path.ps1'
[0.526s] INFO:colcon.colcon_core.shell:Creating environment descriptor '/home/misfit/test_ws/install/listener/share/listener/hook/ament_prefix_path.dsv'
[0.527s] INFO:colcon.colcon_core.shell:Creating environment hook '/home/misfit/test_ws/install/listener/share/listener/hook/ament_prefix_path.sh'
[0.529s] INFO:colcon.colcon_core.shell:Skip shell extension 'powershell' for command environment: Not usable outside of PowerShell
[0.529s] DEBUG:colcon.colcon_core.shell:Skip shell extension 'dsv' for command environment
[0.533s] INFO:colcon.colcon_ros.task.ament_python.build:Building ROS package in '/home/misfit/test_ws/src/practice' with build type 'ament_python'
[0.533s] Level 1:colcon.colcon_core.shell:create_environment_hook('practice', 'ament_prefix_path')
[0.534s] INFO:colcon.colcon_core.shell:Creating environment hook '/home/misfit/test_ws/install/practice/share/practice/hook/ament_prefix_path.ps1'
[0.535s] INFO:colcon.colcon_core.shell:Creating environment descriptor '/home/misfit/test_ws/install/practice/share/practice/hook/ament_prefix_path.dsv'
[0.535s] INFO:colcon.colcon_core.shell:Creating environment hook '/home/misfit/test_ws/install/practice/share/practice/hook/ament_prefix_path.sh'
[0.537s] INFO:colcon.colcon_core.shell:Skip shell extension 'powershell' for command environment: Not usable outside of PowerShell
[0.537s] DEBUG:colcon.colcon_core.shell:Skip shell extension 'dsv' for command environment
[0.541s] INFO:colcon.colcon_ros.task.ament_python.build:Building ROS package in '/home/misfit/test_ws/src/talker/talker' with build type 'ament_python'
[0.541s] Level 1:colcon.colcon_core.shell:create_environment_hook('talker', 'ament_prefix_path')
[0.543s] INFO:colcon.colcon_core.shell:Creating environment hook '/home/misfit/test_ws/install/talker/share/talker/hook/ament_prefix_path.ps1'
[0.544s] INFO:colcon.colcon_core.shell:Creating environment descriptor '/home/misfit/test_ws/install/talker/share/talker/hook/ament_prefix_path.dsv'
[0.544s] INFO:colcon.colcon_core.shell:Creating environment hook '/home/misfit/test_ws/install/talker/share/talker/hook/ament_prefix_path.sh'
[0.547s] INFO:colcon.colcon_core.shell:Skip shell extension 'powershell' for command environment: Not usable outside of PowerShell
[0.547s] DEBUG:colcon.colcon_core.shell:Skip shell extension 'dsv' for command environment
[0.804s] INFO:colcon.colcon_core.task.python.build:Building Python package in '/home/misfit/test_ws/src/listener'
[0.806s] INFO:colcon.colcon_core.shell:Skip shell extension 'powershell' for command environment: Not usable outside of PowerShell
[0.806s] DEBUG:colcon.colcon_core.shell:Skip shell extension 'dsv' for command environment
[1.083s] INFO:colcon.colcon_core.task.python.build:Building Python package in '/home/misfit/test_ws/src/practice'
[1.085s] INFO:colcon.colcon_core.shell:Skip shell extension 'powershell' for command environment: Not usable outside of PowerShell
[1.085s] DEBUG:colcon.colcon_core.shell:Skip shell extension 'dsv' for command environment
[1.362s] INFO:colcon.colcon_core.task.python.build:Building Python package in '/home/misfit/test_ws/src/talker/talker'
[1.364s] INFO:colcon.colcon_core.shell:Skip shell extension 'powershell' for command environment: Not usable outside of PowerShell
[1.364s] DEBUG:colcon.colcon_core.shell:Skip shell extension 'dsv' for command environment
[1.783s] DEBUG:colcon.colcon_core.event_handler.log_command:Invoking command in '/home/misfit/test_ws/src/practice': PYTHONPATH=/home/misfit/test_ws/install/practice/lib/python3.10/site-packages:${PYTHONPATH} /usr/bin/python3 setup.py egg_info --egg-base ../../build/practice build --build-base /home/misfit/test_ws/build/practice/build install --prefix /home/misfit/test_ws/install/practice --record /home/misfit/test_ws/build/practice/install.log --single-version-externally-managed
[1.825s] DEBUG:colcon.colcon_core.event_handler.log_command:Invoking command in '/home/misfit/test_ws/src/talker/talker': PYTHONPATH=/home/misfit/test_ws/install/talker/lib/python3.10/site-packages:${PYTHONPATH} /usr/bin/python3 setup.py egg_info --egg-base ../../../build/talker build --build-base /home/misfit/test_ws/build/talker/build install --prefix /home/misfit/test_ws/install/talker --record /home/misfit/test_ws/build/talker/install.log --single-version-externally-managed
[1.838s] DEBUG:colcon.colcon_core.event_handler.log_command:Invoking command in '/home/misfit/test_ws/src/listener': PYTHONPATH=/home/misfit/test_ws/install/listener/lib/python3.10/site-packages:${PYTHONPATH} /usr/bin/python3 setup.py egg_info --egg-base ../../build/listener build --build-base /home/misfit/test_ws/build/listener/build install --prefix /home/misfit/test_ws/install/listener --record /home/misfit/test_ws/build/listener/install.log --single-version-externally-managed
[2.207s] Level 1:colcon.colcon_core.environment:checking '/home/misfit/test_ws/install/talker' for CMake module files
[2.208s] DEBUG:colcon.colcon_core.event_handler.log_command:Invoked command in '/home/misfit/test_ws/src/talker/talker' returned '0': PYTHONPATH=/home/misfit/test_ws/install/talker/lib/python3.10/site-packages:${PYTHONPATH} /usr/bin/python3 setup.py egg_info --egg-base ../../../build/talker build --build-base /home/misfit/test_ws/build/talker/build install --prefix /home/misfit/test_ws/install/talker --record /home/misfit/test_ws/build/talker/install.log --single-version-externally-managed
[2.208s] Level 1:colcon.colcon_core.environment:checking '/home/misfit/test_ws/install/talker' for CMake config files
[2.209s] Level 1:colcon.colcon_core.environment:checking '/home/misfit/test_ws/install/talker/lib'
[2.209s] Level 1:colcon.colcon_core.environment:checking '/home/misfit/test_ws/install/talker/bin'
[2.209s] Level 1:colcon.colcon_core.environment:checking '/home/misfit/test_ws/install/talker/lib/pkgconfig/talker.pc'
[2.209s] Level 1:colcon.colcon_core.environment:checking '/home/misfit/test_ws/install/talker/lib/python3.10/site-packages'
[2.209s] Level 1:colcon.colcon_core.shell:create_environment_hook('talker', 'pythonpath')
[2.211s] INFO:colcon.colcon_core.shell:Creating environment hook '/home/misfit/test_ws/install/talker/share/talker/hook/pythonpath.ps1'
[2.211s] INFO:colcon.colcon_core.shell:Creating environment descriptor '/home/misfit/test_ws/install/talker/share/talker/hook/pythonpath.dsv'
[2.211s] INFO:colcon.colcon_core.shell:Creating environment hook '/home/misfit/test_ws/install/talker/share/talker/hook/pythonpath.sh'
[2.212s] Level 1:colcon.colcon_core.environment:checking '/home/misfit/test_ws/install/talker/bin'
[2.212s] Level 1:colcon.colcon_core.environment:create_environment_scripts_only(talker)
[2.214s] INFO:colcon.colcon_core.shell:Creating package script '/home/misfit/test_ws/install/talker/share/talker/package.ps1'
[2.215s] INFO:colcon.colcon_core.shell:Creating package descriptor '/home/misfit/test_ws/install/talker/share/talker/package.dsv'
[2.215s] INFO:colcon.colcon_core.shell:Creating package script '/home/misfit/test_ws/install/talker/share/talker/package.sh'
[2.216s] INFO:colcon.colcon_core.shell:Creating package script '/home/misfit/test_ws/install/talker/share/talker/package.bash'
[2.217s] INFO:colcon.colcon_core.shell:Creating package script '/home/misfit/test_ws/install/talker/share/talker/package.zsh'
[2.217s] Level 1:colcon.colcon_core.environment:create_file_with_runtime_dependencies(/home/misfit/test_ws/install/talker/share/colcon-core/packages/talker)
[2.221s] Level 1:colcon.colcon_core.environment:checking '/home/misfit/test_ws/install/practice' for CMake module files
[2.222s] DEBUG:colcon.colcon_core.event_handler.log_command:Invoked command in '/home/misfit/test_ws/src/practice' returned '0': PYTHONPATH=/home/misfit/test_ws/install/practice/lib/python3.10/site-packages:${PYTHONPATH} /usr/bin/python3 setup.py egg_info --egg-base ../../build/practice build --build-base /home/misfit/test_ws/build/practice/build install --prefix /home/misfit/test_ws/install/practice --record /home/misfit/test_ws/build/practice/install.log --single-version-externally-managed
[2.222s] Level 1:colcon.colcon_core.environment:checking '/home/misfit/test_ws/install/practice' for CMake config files
[2.223s] Level 1:colcon.colcon_core.environment:checking '/home/misfit/test_ws/install/practice/lib'
[2.223s] Level 1:colcon.colcon_core.environment:checking '/home/misfit/test_ws/install/practice/bin'
[2.223s] Level 1:colcon.colcon_core.environment:checking '/home/misfit/test_ws/install/practice/lib/pkgconfig/practice.pc'
[2.223s] Level 1:colcon.colcon_core.environment:checking '/home/misfit/test_ws/install/practice/lib/python3.10/site-packages'
[2.223s] Level 1:colcon.colcon_core.shell:create_environment_hook('practice', 'pythonpath')
[2.225s] INFO:colcon.colcon_core.shell:Creating environment hook '/home/misfit/test_ws/install/practice/share/practice/hook/pythonpath.ps1'
[2.226s] INFO:colcon.colcon_core.shell:Creating environment descriptor '/home/misfit/test_ws/install/practice/share/practice/hook/pythonpath.dsv'
[2.226s] INFO:colcon.colcon_core.shell:Creating environment hook '/home/misfit/test_ws/install/practice/share/practice/hook/pythonpath.sh'
[2.227s] Level 1:colcon.colcon_core.environment:checking '/home/misfit/test_ws/install/practice/bin'
[2.227s] Level 1:colcon.colcon_core.environment:create_environment_scripts_only(practice)
[2.228s] INFO:colcon.colcon_core.shell:Creating package script '/home/misfit/test_ws/install/practice/share/practice/package.ps1'
[2.229s] INFO:colcon.colcon_core.shell:Creating package descriptor '/home/misfit/test_ws/install/practice/share/practice/package.dsv'
[2.229s] INFO:colcon.colcon_core.shell:Creating package script '/home/misfit/test_ws/install/practice/share/practice/package.sh'
[2.229s] INFO:colcon.colcon_core.shell:Creating package script '/home/misfit/test_ws/install/practice/share/practice/package.bash'
[2.229s] INFO:colcon.colcon_core.shell:Creating package script '/home/misfit/test_ws/install/practice/share/practice/package.zsh'
[2.230s] Level 1:colcon.colcon_core.environment:create_file_with_runtime_dependencies(/home/misfit/test_ws/install/practice/share/colcon-core/packages/practice)
[2.233s] Level 1:colcon.colcon_core.environment:checking '/home/misfit/test_ws/install/listener' for CMake module files
[2.234s] DEBUG:colcon.colcon_core.event_handler.log_command:Invoked command in '/home/misfit/test_ws/src/listener' returned '0': PYTHONPATH=/home/misfit/test_ws/install/listener/lib/python3.10/site-packages:${PYTHONPATH} /usr/bin/python3 setup.py egg_info --egg-base ../../build/listener build --build-base /home/misfit/test_ws/build/listener/build install --prefix /home/misfit/test_ws/install/listener --record /home/misfit/test_ws/build/listener/install.log --single-version-externally-managed
[2.234s] Level 1:colcon.colcon_core.environment:checking '/home/misfit/test_ws/install/listener' for CMake config files
[2.235s] Level 1:colcon.colcon_core.environment:checking '/home/misfit/test_ws/install/listener/lib'
[2.235s] Level 1:colcon.colcon_core.environment:checking '/home/misfit/test_ws/install/listener/bin'
[2.235s] Level 1:colcon.colcon_core.environment:checking '/home/misfit/test_ws/install/listener/lib/pkgconfig/listener.pc'
[2.235s] Level 1:colcon.colcon_core.environment:checking '/home/misfit/test_ws/install/listener/lib/python3.10/site-packages'
[2.235s] Level 1:colcon.colcon_core.shell:create_environment_hook('listener', 'pythonpath')
[2.237s] INFO:colcon.colcon_core.shell:Creating environment hook '/home/misfit/test_ws/install/listener/share/listener/hook/pythonpath.ps1'
[2.237s] INFO:colcon.colcon_core.shell:Creating environment descriptor '/home/misfit/test_ws/install/listener/share/listener/hook/pythonpath.dsv'
[2.237s] INFO:colcon.colcon_core.shell:Creating environment hook '/home/misfit/test_ws/install/listener/share/listener/hook/pythonpath.sh'
[2.238s] Level 1:colcon.colcon_core.environment:checking '/home/misfit/test_ws/install/listener/bin'
[2.238s] Level 1:colcon.colcon_core.environment:create_environment_scripts_only(listener)
[2.239s] INFO:colcon.colcon_core.shell:Creating package script '/home/misfit/test_ws/install/listener/share/listener/package.ps1'
[2.240s] INFO:colcon.colcon_core.shell:Creating package descriptor '/home/misfit/test_ws/install/listener/share/listener/package.dsv'
[2.241s] INFO:colcon.colcon_core.shell:Creating package script '/home/misfit/test_ws/install/listener/share/listener/package.sh'
[2.241s] INFO:colcon.colcon_core.shell:Creating package script '/home/misfit/test_ws/install/listener/share/listener/package.bash'
[2.241s] INFO:colcon.colcon_core.shell:Creating package script '/home/misfit/test_ws/install/listener/share/listener/package.zsh'
[2.242s] Level 1:colcon.colcon_core.environment:create_file_with_runtime_dependencies(/home/misfit/test_ws/install/listener/share/colcon-core/packages/listener)
[2.242s] DEBUG:colcon.colcon_parallel_executor.executor.parallel:closing loop
[2.243s] DEBUG:colcon.colcon_parallel_executor.executor.parallel:loop closed
[2.243s] DEBUG:colcon.colcon_parallel_executor.executor.parallel:run_until_complete finished with '0'
[2.243s] DEBUG:colcon.colcon_core.event_reactor:joining thread
[2.250s] INFO:colcon.colcon_core.plugin_system:Skipping extension 'colcon_notification.desktop_notification.terminal_notifier': Not used on non-Darwin systems
[2.250s] INFO:colcon.colcon_core.plugin_system:Skipping extension 'colcon_notification.desktop_notification.win32': Not used on non-Windows systems
[2.250s] INFO:colcon.colcon_notification.desktop_notification:Sending desktop notification using 'notify2'
[2.265s] DEBUG:colcon.colcon_core.event_reactor:joined thread
[2.267s] INFO:colcon.colcon_core.shell:Creating prefix script '/home/misfit/test_ws/install/local_setup.ps1'
[2.269s] INFO:colcon.colcon_core.shell:Creating prefix util module '/home/misfit/test_ws/install/_local_setup_util_ps1.py'
[2.271s] INFO:colcon.colcon_core.shell:Creating prefix chain script '/home/misfit/test_ws/install/setup.ps1'
[2.274s] INFO:colcon.colcon_core.shell:Creating prefix script '/home/misfit/test_ws/install/local_setup.sh'
[2.275s] INFO:colcon.colcon_core.shell:Creating prefix util module '/home/misfit/test_ws/install/_local_setup_util_sh.py'
[2.275s] INFO:colcon.colcon_core.shell:Creating prefix chain script '/home/misfit/test_ws/install/setup.sh'
[2.277s] INFO:colcon.colcon_core.shell:Creating prefix script '/home/misfit/test_ws/install/local_setup.bash'
[2.278s] INFO:colcon.colcon_core.shell:Creating prefix chain script '/home/misfit/test_ws/install/setup.bash'
[2.280s] INFO:colcon.colcon_core.shell:Creating prefix script '/home/misfit/test_ws/install/local_setup.zsh'
[2.280s] INFO:colcon.colcon_core.shell:Creating prefix chain script '/home/misfit/test_ws/install/setup.zsh'
