running egg_info
writing ../../build/talker/talker.egg-info/PKG-INFO
writing dependency_links to ../../build/talker/talker.egg-info/dependency_links.txt
writing entry points to ../../build/talker/talker.egg-info/entry_points.txt
writing requirements to ../../build/talker/talker.egg-info/requires.txt
writing top-level names to ../../build/talker/talker.egg-info/top_level.txt
reading manifest file '../../build/talker/talker.egg-info/SOURCES.txt'
writing manifest file '../../build/talker/talker.egg-info/SOURCES.txt'
running build
running build_py
copying talker/main.py -> /home/misfit/test_ws/build/talker/build/lib/talker
copying talker/main2.py -> /home/misfit/test_ws/build/talker/build/lib/talker
running install
/usr/lib/python3/dist-packages/setuptools/command/install.py:34: SetuptoolsDeprecationWarning: setup.py install is deprecated. Use build and pip and other standards-based tools.
  warnings.warn(
running install_lib
copying /home/misfit/test_ws/build/talker/build/lib/talker/main.py -> /home/misfit/test_ws/install/talker/lib/python3.10/site-packages/talker
copying /home/misfit/test_ws/build/talker/build/lib/talker/main2.py -> /home/misfit/test_ws/install/talker/lib/python3.10/site-packages/talker
byte-compiling /home/misfit/test_ws/install/talker/lib/python3.10/site-packages/talker/main.py to main.cpython-310.pyc
byte-compiling /home/misfit/test_ws/install/talker/lib/python3.10/site-packages/talker/main2.py to main2.cpython-310.pyc
running install_data
running install_egg_info
removing '/home/misfit/test_ws/install/talker/lib/python3.10/site-packages/talker-0.0.0-py3.10.egg-info' (and everything under it)
Copying ../../build/talker/talker.egg-info to /home/misfit/test_ws/install/talker/lib/python3.10/site-packages/talker-0.0.0-py3.10.egg-info
running install_scripts
Installing talker script to /home/misfit/test_ws/install/talker/lib/talker
writing list of installed files to '/home/misfit/test_ws/build/talker/install.log'
