[0.381s] DEBUG:colcon:Command line arguments: ['/usr/bin/colcon', 'build']
[0.381s] DEBUG:colcon:Parsed command line arguments: Namespace(log_base=None, log_level=None, verb_name='build', build_base='build', install_base='install', merge_install=False, symlink_install=False, test_result_base=None, continue_on_error=False, executor='parallel', parallel_workers=5, event_handlers=None, ignore_user_meta=False, metas=['./colcon.meta'], base_paths=['.'], packages_ignore=None, packages_ignore_regex=None, paths=None, packages_up_to=None, packages_up_to_regex=None, packages_above=None, packages_above_and_dependencies=None, packages_above_depth=None, packages_select_by_dep=None, packages_skip_by_dep=None, packages_skip_up_to=None, packages_select_build_failed=False, packages_skip_build_finished=False, packages_select_test_failures=False, packages_skip_test_passed=False, packages_select=None, packages_skip=None, packages_select_regex=None, packages_skip_regex=None, packages_start=None, packages_end=None, allow_overriding=[], ament_gradle_args=None, ament_gradle_task=None, cmake_args=None, cmake_target=None, cmake_target_skip_unavailable=False, cmake_clean_cache=False, cmake_clean_first=False, cmake_force_configure=False, gradle_args=None, gradle_task=None, ament_cmake_args=None, catkin_cmake_args=None, catkin_skip_building_tests=False, verb_parser=<colcon_defaults.argument_parser.defaults.DefaultArgumentsDecorator object at 0x7f743c31dc30>, verb_extension=<colcon_core.verb.build.BuildVerb object at 0x7f743cc9c280>, main=<bound method BuildVerb.main of <colcon_core.verb.build.BuildVerb object at 0x7f743cc9c280>>)
[0.415s] Level 1:colcon.colcon_core.package_discovery:discover_packages(colcon_meta) check parameters
[0.415s] Level 1:colcon.colcon_core.package_discovery:discover_packages(recursive) check parameters
[0.415s] Level 1:colcon.colcon_core.package_discovery:discover_packages(ignore) check parameters
[0.415s] Level 1:colcon.colcon_core.package_discovery:discover_packages(path) check parameters
[0.416s] Level 1:colcon.colcon_core.package_discovery:discover_packages(colcon_meta) discover
[0.416s] Level 1:colcon.colcon_core.package_discovery:discover_packages(recursive) discover
[0.416s] INFO:colcon.colcon_core.package_discovery:Crawling recursively for packages in '/home/misfit/test_ws'
[0.416s] Level 1:colcon.colcon_core.package_identification:_identify(.) by extensions ['ignore', 'ignore_ament_install']
[0.416s] Level 1:colcon.colcon_core.package_identification:_identify(.) by extension 'ignore'
[0.416s] Level 1:colcon.colcon_core.package_identification:_identify(.) by extension 'ignore_ament_install'
[0.416s] Level 1:colcon.colcon_core.package_identification:_identify(.) by extensions ['colcon_pkg']
[0.416s] Level 1:colcon.colcon_core.package_identification:_identify(.) by extension 'colcon_pkg'
[0.416s] Level 1:colcon.colcon_core.package_identification:_identify(.) by extensions ['colcon_meta']
[0.416s] Level 1:colcon.colcon_core.package_identification:_identify(.) by extension 'colcon_meta'
[0.416s] Level 1:colcon.colcon_core.package_identification:_identify(.) by extensions ['ament_gradle']
[0.416s] Level 1:colcon.colcon_core.package_identification:_identify(.) by extension 'ament_gradle'
[0.416s] Level 1:colcon.colcon_core.package_identification:_identify(.) by extensions ['ros']
[0.416s] Level 1:colcon.colcon_core.package_identification:_identify(.) by extension 'ros'
[0.429s] Level 1:colcon.colcon_core.package_identification:_identify(.) by extensions ['cmake', 'gradle', 'python']
[0.429s] Level 1:colcon.colcon_core.package_identification:_identify(.) by extension 'cmake'
[0.429s] Level 1:colcon.colcon_core.package_identification:_identify(.) by extension 'gradle'
[0.429s] Level 1:colcon.colcon_core.package_identification:_identify(.) by extension 'python'
[0.429s] Level 1:colcon.colcon_core.package_identification:_identify(.) by extensions ['python_setup_py']
[0.429s] Level 1:colcon.colcon_core.package_identification:_identify(.) by extension 'python_setup_py'
[0.429s] Level 1:colcon.colcon_core.package_identification:_identify(build) by extensions ['ignore', 'ignore_ament_install']
[0.430s] Level 1:colcon.colcon_core.package_identification:_identify(build) by extension 'ignore'
[0.430s] Level 1:colcon.colcon_core.package_identification:_identify(build) ignored
[0.430s] Level 1:colcon.colcon_core.package_identification:_identify(install) by extensions ['ignore', 'ignore_ament_install']
[0.430s] Level 1:colcon.colcon_core.package_identification:_identify(install) by extension 'ignore'
[0.430s] Level 1:colcon.colcon_core.package_identification:_identify(install) ignored
[0.430s] Level 1:colcon.colcon_core.package_identification:_identify(log) by extensions ['ignore', 'ignore_ament_install']
[0.430s] Level 1:colcon.colcon_core.package_identification:_identify(log) by extension 'ignore'
[0.430s] Level 1:colcon.colcon_core.package_identification:_identify(log) ignored
[0.430s] Level 1:colcon.colcon_core.package_identification:_identify(scripts) by extensions ['ignore', 'ignore_ament_install']
[0.431s] Level 1:colcon.colcon_core.package_identification:_identify(scripts) by extension 'ignore'
[0.431s] Level 1:colcon.colcon_core.package_identification:_identify(scripts) by extension 'ignore_ament_install'
[0.431s] Level 1:colcon.colcon_core.package_identification:_identify(scripts) by extensions ['colcon_pkg']
[0.431s] Level 1:colcon.colcon_core.package_identification:_identify(scripts) by extension 'colcon_pkg'
[0.431s] Level 1:colcon.colcon_core.package_identification:_identify(scripts) by extensions ['colcon_meta']
[0.431s] Level 1:colcon.colcon_core.package_identification:_identify(scripts) by extension 'colcon_meta'
[0.431s] Level 1:colcon.colcon_core.package_identification:_identify(scripts) by extensions ['ament_gradle']
[0.431s] Level 1:colcon.colcon_core.package_identification:_identify(scripts) by extension 'ament_gradle'
[0.431s] Level 1:colcon.colcon_core.package_identification:_identify(scripts) by extensions ['ros']
[0.431s] Level 1:colcon.colcon_core.package_identification:_identify(scripts) by extension 'ros'
[0.431s] Level 1:colcon.colcon_core.package_identification:_identify(scripts) by extensions ['cmake', 'gradle', 'python']
[0.431s] Level 1:colcon.colcon_core.package_identification:_identify(scripts) by extension 'cmake'
[0.431s] Level 1:colcon.colcon_core.package_identification:_identify(scripts) by extension 'gradle'
[0.431s] Level 1:colcon.colcon_core.package_identification:_identify(scripts) by extension 'python'
[0.431s] Level 1:colcon.colcon_core.package_identification:_identify(scripts) by extensions ['python_setup_py']
[0.431s] Level 1:colcon.colcon_core.package_identification:_identify(scripts) by extension 'python_setup_py'
[0.432s] Level 1:colcon.colcon_core.package_identification:_identify(src) by extensions ['ignore', 'ignore_ament_install']
[0.432s] Level 1:colcon.colcon_core.package_identification:_identify(src) by extension 'ignore'
[0.432s] Level 1:colcon.colcon_core.package_identification:_identify(src) by extension 'ignore_ament_install'
[0.432s] Level 1:colcon.colcon_core.package_identification:_identify(src) by extensions ['colcon_pkg']
[0.432s] Level 1:colcon.colcon_core.package_identification:_identify(src) by extension 'colcon_pkg'
[0.432s] Level 1:colcon.colcon_core.package_identification:_identify(src) by extensions ['colcon_meta']
[0.432s] Level 1:colcon.colcon_core.package_identification:_identify(src) by extension 'colcon_meta'
[0.432s] Level 1:colcon.colcon_core.package_identification:_identify(src) by extensions ['ament_gradle']
[0.432s] Level 1:colcon.colcon_core.package_identification:_identify(src) by extension 'ament_gradle'
[0.432s] Level 1:colcon.colcon_core.package_identification:_identify(src) by extensions ['ros']
[0.432s] Level 1:colcon.colcon_core.package_identification:_identify(src) by extension 'ros'
[0.432s] Level 1:colcon.colcon_core.package_identification:_identify(src) by extensions ['cmake', 'gradle', 'python']
[0.432s] Level 1:colcon.colcon_core.package_identification:_identify(src) by extension 'cmake'
[0.432s] Level 1:colcon.colcon_core.package_identification:_identify(src) by extension 'gradle'
[0.432s] Level 1:colcon.colcon_core.package_identification:_identify(src) by extension 'python'
[0.432s] Level 1:colcon.colcon_core.package_identification:_identify(src) by extensions ['python_setup_py']
[0.432s] Level 1:colcon.colcon_core.package_identification:_identify(src) by extension 'python_setup_py'
[0.432s] Level 1:colcon.colcon_core.package_identification:_identify(src/build) by extensions ['ignore', 'ignore_ament_install']
[0.432s] Level 1:colcon.colcon_core.package_identification:_identify(src/build) by extension 'ignore'
[0.432s] Level 1:colcon.colcon_core.package_identification:_identify(src/build) ignored
[0.433s] Level 1:colcon.colcon_core.package_identification:_identify(src/install) by extensions ['ignore', 'ignore_ament_install']
[0.433s] Level 1:colcon.colcon_core.package_identification:_identify(src/install) by extension 'ignore'
[0.433s] Level 1:colcon.colcon_core.package_identification:_identify(src/install) ignored
[0.433s] Level 1:colcon.colcon_core.package_identification:_identify(src/listener) by extensions ['ignore', 'ignore_ament_install']
[0.433s] Level 1:colcon.colcon_core.package_identification:_identify(src/listener) by extension 'ignore'
[0.433s] Level 1:colcon.colcon_core.package_identification:_identify(src/listener) by extension 'ignore_ament_install'
[0.433s] Level 1:colcon.colcon_core.package_identification:_identify(src/listener) by extensions ['colcon_pkg']
[0.433s] Level 1:colcon.colcon_core.package_identification:_identify(src/listener) by extension 'colcon_pkg'
[0.433s] Level 1:colcon.colcon_core.package_identification:_identify(src/listener) by extensions ['colcon_meta']
[0.433s] Level 1:colcon.colcon_core.package_identification:_identify(src/listener) by extension 'colcon_meta'
[0.433s] Level 1:colcon.colcon_core.package_identification:_identify(src/listener) by extensions ['ament_gradle']
[0.433s] Level 1:colcon.colcon_core.package_identification:_identify(src/listener) by extension 'ament_gradle'
[0.433s] Level 1:colcon.colcon_core.package_identification:_identify(src/listener) by extensions ['ros']
[0.433s] Level 1:colcon.colcon_core.package_identification:_identify(src/listener) by extension 'ros'
[0.436s] DEBUG:colcon.colcon_core.package_identification:Package 'src/listener' with type 'ros.ament_python' and name 'listener'
[0.436s] Level 1:colcon.colcon_core.package_identification:_identify(src/log) by extensions ['ignore', 'ignore_ament_install']
[0.436s] Level 1:colcon.colcon_core.package_identification:_identify(src/log) by extension 'ignore'
[0.436s] Level 1:colcon.colcon_core.package_identification:_identify(src/log) ignored
[0.436s] Level 1:colcon.colcon_core.package_identification:_identify(src/practice) by extensions ['ignore', 'ignore_ament_install']
[0.436s] Level 1:colcon.colcon_core.package_identification:_identify(src/practice) by extension 'ignore'
[0.436s] Level 1:colcon.colcon_core.package_identification:_identify(src/practice) by extension 'ignore_ament_install'
[0.436s] Level 1:colcon.colcon_core.package_identification:_identify(src/practice) by extensions ['colcon_pkg']
[0.436s] Level 1:colcon.colcon_core.package_identification:_identify(src/practice) by extension 'colcon_pkg'
[0.436s] Level 1:colcon.colcon_core.package_identification:_identify(src/practice) by extensions ['colcon_meta']
[0.436s] Level 1:colcon.colcon_core.package_identification:_identify(src/practice) by extension 'colcon_meta'
[0.436s] Level 1:colcon.colcon_core.package_identification:_identify(src/practice) by extensions ['ament_gradle']
[0.436s] Level 1:colcon.colcon_core.package_identification:_identify(src/practice) by extension 'ament_gradle'
[0.436s] Level 1:colcon.colcon_core.package_identification:_identify(src/practice) by extensions ['ros']
[0.436s] Level 1:colcon.colcon_core.package_identification:_identify(src/practice) by extension 'ros'
[0.437s] DEBUG:colcon.colcon_core.package_identification:Package 'src/practice' with type 'ros.ament_python' and name 'practice'
[0.437s] Level 1:colcon.colcon_core.package_identification:_identify(src/talker) by extensions ['ignore', 'ignore_ament_install']
[0.437s] Level 1:colcon.colcon_core.package_identification:_identify(src/talker) by extension 'ignore'
[0.437s] Level 1:colcon.colcon_core.package_identification:_identify(src/talker) by extension 'ignore_ament_install'
[0.437s] Level 1:colcon.colcon_core.package_identification:_identify(src/talker) by extensions ['colcon_pkg']
[0.437s] Level 1:colcon.colcon_core.package_identification:_identify(src/talker) by extension 'colcon_pkg'
[0.437s] Level 1:colcon.colcon_core.package_identification:_identify(src/talker) by extensions ['colcon_meta']
[0.437s] Level 1:colcon.colcon_core.package_identification:_identify(src/talker) by extension 'colcon_meta'
[0.437s] Level 1:colcon.colcon_core.package_identification:_identify(src/talker) by extensions ['ament_gradle']
[0.437s] Level 1:colcon.colcon_core.package_identification:_identify(src/talker) by extension 'ament_gradle'
[0.437s] Level 1:colcon.colcon_core.package_identification:_identify(src/talker) by extensions ['ros']
[0.437s] Level 1:colcon.colcon_core.package_identification:_identify(src/talker) by extension 'ros'
[0.438s] Level 1:colcon.colcon_core.package_identification:_identify(src/talker) by extensions ['cmake', 'gradle', 'python']
[0.438s] Level 1:colcon.colcon_core.package_identification:_identify(src/talker) by extension 'cmake'
[0.438s] Level 1:colcon.colcon_core.package_identification:_identify(src/talker) by extension 'gradle'
[0.438s] Level 1:colcon.colcon_core.package_identification:_identify(src/talker) by extension 'python'
[0.438s] Level 1:colcon.colcon_core.package_identification:_identify(src/talker) by extensions ['python_setup_py']
[0.438s] Level 1:colcon.colcon_core.package_identification:_identify(src/talker) by extension 'python_setup_py'
[0.438s] Level 1:colcon.colcon_core.package_identification:_identify(src/talker/build) by extensions ['ignore', 'ignore_ament_install']
[0.438s] Level 1:colcon.colcon_core.package_identification:_identify(src/talker/build) by extension 'ignore'
[0.438s] Level 1:colcon.colcon_core.package_identification:_identify(src/talker/build) ignored
[0.438s] Level 1:colcon.colcon_core.package_identification:_identify(src/talker/install) by extensions ['ignore', 'ignore_ament_install']
[0.438s] Level 1:colcon.colcon_core.package_identification:_identify(src/talker/install) by extension 'ignore'
[0.438s] Level 1:colcon.colcon_core.package_identification:_identify(src/talker/install) ignored
[0.438s] Level 1:colcon.colcon_core.package_identification:_identify(src/talker/log) by extensions ['ignore', 'ignore_ament_install']
[0.438s] Level 1:colcon.colcon_core.package_identification:_identify(src/talker/log) by extension 'ignore'
[0.438s] Level 1:colcon.colcon_core.package_identification:_identify(src/talker/log) ignored
[0.438s] Level 1:colcon.colcon_core.package_identification:_identify(src/talker/talker) by extensions ['ignore', 'ignore_ament_install']
[0.439s] Level 1:colcon.colcon_core.package_identification:_identify(src/talker/talker) by extension 'ignore'
[0.439s] Level 1:colcon.colcon_core.package_identification:_identify(src/talker/talker) by extension 'ignore_ament_install'
[0.439s] Level 1:colcon.colcon_core.package_identification:_identify(src/talker/talker) by extensions ['colcon_pkg']
[0.439s] Level 1:colcon.colcon_core.package_identification:_identify(src/talker/talker) by extension 'colcon_pkg'
[0.439s] Level 1:colcon.colcon_core.package_identification:_identify(src/talker/talker) by extensions ['colcon_meta']
[0.439s] Level 1:colcon.colcon_core.package_identification:_identify(src/talker/talker) by extension 'colcon_meta'
[0.439s] Level 1:colcon.colcon_core.package_identification:_identify(src/talker/talker) by extensions ['ament_gradle']
[0.439s] Level 1:colcon.colcon_core.package_identification:_identify(src/talker/talker) by extension 'ament_gradle'
[0.439s] Level 1:colcon.colcon_core.package_identification:_identify(src/talker/talker) by extensions ['ros']
[0.439s] Level 1:colcon.colcon_core.package_identification:_identify(src/talker/talker) by extension 'ros'
[0.439s] DEBUG:colcon.colcon_core.package_identification:Package 'src/talker/talker' with type 'ros.ament_python' and name 'talker'
[0.439s] Level 1:colcon.colcon_core.package_discovery:discover_packages(recursive) using defaults
[0.440s] Level 1:colcon.colcon_core.package_discovery:discover_packages(ignore) discover
[0.440s] Level 1:colcon.colcon_core.package_discovery:discover_packages(ignore) using defaults
[0.440s] Level 1:colcon.colcon_core.package_discovery:discover_packages(path) discover
[0.440s] Level 1:colcon.colcon_core.package_discovery:discover_packages(path) using defaults
[0.467s] Level 1:colcon.colcon_core.package_discovery:discover_packages(prefix_path) check parameters
[0.467s] Level 1:colcon.colcon_core.package_discovery:discover_packages(prefix_path) discover
[0.469s] DEBUG:colcon.colcon_installed_package_information.package_discovery:Found 3 installed packages in /home/misfit/test_ws/install
[0.471s] DEBUG:colcon.colcon_installed_package_information.package_discovery:Found 280 installed packages in /opt/ros/humble
[0.473s] Level 1:colcon.colcon_core.package_discovery:discover_packages(prefix_path) using defaults
[0.538s] Level 5:colcon.colcon_core.verb:set package 'listener' build argument 'ament_gradle_args' from command line to 'None'
[0.538s] Level 5:colcon.colcon_core.verb:set package 'listener' build argument 'ament_gradle_task' from command line to 'None'
[0.538s] Level 5:colcon.colcon_core.verb:set package 'listener' build argument 'cmake_args' from command line to 'None'
[0.538s] Level 5:colcon.colcon_core.verb:set package 'listener' build argument 'cmake_target' from command line to 'None'
[0.538s] Level 5:colcon.colcon_core.verb:set package 'listener' build argument 'cmake_target_skip_unavailable' from command line to 'False'
[0.538s] Level 5:colcon.colcon_core.verb:set package 'listener' build argument 'cmake_clean_cache' from command line to 'False'
[0.538s] Level 5:colcon.colcon_core.verb:set package 'listener' build argument 'cmake_clean_first' from command line to 'False'
[0.538s] Level 5:colcon.colcon_core.verb:set package 'listener' build argument 'cmake_force_configure' from command line to 'False'
[0.538s] Level 5:colcon.colcon_core.verb:set package 'listener' build argument 'gradle_args' from command line to 'None'
[0.538s] Level 5:colcon.colcon_core.verb:set package 'listener' build argument 'gradle_task' from command line to 'None'
[0.538s] Level 5:colcon.colcon_core.verb:set package 'listener' build argument 'ament_cmake_args' from command line to 'None'
[0.538s] Level 5:colcon.colcon_core.verb:set package 'listener' build argument 'catkin_cmake_args' from command line to 'None'
[0.538s] Level 5:colcon.colcon_core.verb:set package 'listener' build argument 'catkin_skip_building_tests' from command line to 'False'
[0.538s] DEBUG:colcon.colcon_core.verb:Building package 'listener' with the following arguments: {'ament_cmake_args': None, 'ament_gradle_args': None, 'ament_gradle_task': None, 'build_base': '/home/misfit/test_ws/build/listener', 'catkin_cmake_args': None, 'catkin_skip_building_tests': False, 'cmake_args': None, 'cmake_clean_cache': False, 'cmake_clean_first': False, 'cmake_force_configure': False, 'cmake_target': None, 'cmake_target_skip_unavailable': False, 'gradle_args': None, 'gradle_task': None, 'install_base': '/home/misfit/test_ws/install/listener', 'merge_install': False, 'path': '/home/misfit/test_ws/src/listener', 'symlink_install': False, 'test_result_base': None}
[0.540s] Level 5:colcon.colcon_core.verb:set package 'practice' build argument 'ament_gradle_args' from command line to 'None'
[0.540s] Level 5:colcon.colcon_core.verb:set package 'practice' build argument 'ament_gradle_task' from command line to 'None'
[0.540s] Level 5:colcon.colcon_core.verb:set package 'practice' build argument 'cmake_args' from command line to 'None'
[0.540s] Level 5:colcon.colcon_core.verb:set package 'practice' build argument 'cmake_target' from command line to 'None'
[0.540s] Level 5:colcon.colcon_core.verb:set package 'practice' build argument 'cmake_target_skip_unavailable' from command line to 'False'
[0.540s] Level 5:colcon.colcon_core.verb:set package 'practice' build argument 'cmake_clean_cache' from command line to 'False'
[0.540s] Level 5:colcon.colcon_core.verb:set package 'practice' build argument 'cmake_clean_first' from command line to 'False'
[0.540s] Level 5:colcon.colcon_core.verb:set package 'practice' build argument 'cmake_force_configure' from command line to 'False'
[0.540s] Level 5:colcon.colcon_core.verb:set package 'practice' build argument 'gradle_args' from command line to 'None'
[0.540s] Level 5:colcon.colcon_core.verb:set package 'practice' build argument 'gradle_task' from command line to 'None'
[0.540s] Level 5:colcon.colcon_core.verb:set package 'practice' build argument 'ament_cmake_args' from command line to 'None'
[0.540s] Level 5:colcon.colcon_core.verb:set package 'practice' build argument 'catkin_cmake_args' from command line to 'None'
[0.540s] Level 5:colcon.colcon_core.verb:set package 'practice' build argument 'catkin_skip_building_tests' from command line to 'False'
[0.540s] DEBUG:colcon.colcon_core.verb:Building package 'practice' with the following arguments: {'ament_cmake_args': None, 'ament_gradle_args': None, 'ament_gradle_task': None, 'build_base': '/home/misfit/test_ws/build/practice', 'catkin_cmake_args': None, 'catkin_skip_building_tests': False, 'cmake_args': None, 'cmake_clean_cache': False, 'cmake_clean_first': False, 'cmake_force_configure': False, 'cmake_target': None, 'cmake_target_skip_unavailable': False, 'gradle_args': None, 'gradle_task': None, 'install_base': '/home/misfit/test_ws/install/practice', 'merge_install': False, 'path': '/home/misfit/test_ws/src/practice', 'symlink_install': False, 'test_result_base': None}
[0.542s] Level 5:colcon.colcon_core.verb:set package 'talker' build argument 'ament_gradle_args' from command line to 'None'
[0.542s] Level 5:colcon.colcon_core.verb:set package 'talker' build argument 'ament_gradle_task' from command line to 'None'
[0.542s] Level 5:colcon.colcon_core.verb:set package 'talker' build argument 'cmake_args' from command line to 'None'
[0.542s] Level 5:colcon.colcon_core.verb:set package 'talker' build argument 'cmake_target' from command line to 'None'
[0.542s] Level 5:colcon.colcon_core.verb:set package 'talker' build argument 'cmake_target_skip_unavailable' from command line to 'False'
[0.542s] Level 5:colcon.colcon_core.verb:set package 'talker' build argument 'cmake_clean_cache' from command line to 'False'
[0.542s] Level 5:colcon.colcon_core.verb:set package 'talker' build argument 'cmake_clean_first' from command line to 'False'
[0.542s] Level 5:colcon.colcon_core.verb:set package 'talker' build argument 'cmake_force_configure' from command line to 'False'
[0.542s] Level 5:colcon.colcon_core.verb:set package 'talker' build argument 'gradle_args' from command line to 'None'
[0.542s] Level 5:colcon.colcon_core.verb:set package 'talker' build argument 'gradle_task' from command line to 'None'
[0.542s] Level 5:colcon.colcon_core.verb:set package 'talker' build argument 'ament_cmake_args' from command line to 'None'
[0.542s] Level 5:colcon.colcon_core.verb:set package 'talker' build argument 'catkin_cmake_args' from command line to 'None'
[0.542s] Level 5:colcon.colcon_core.verb:set package 'talker' build argument 'catkin_skip_building_tests' from command line to 'False'
[0.542s] DEBUG:colcon.colcon_core.verb:Building package 'talker' with the following arguments: {'ament_cmake_args': None, 'ament_gradle_args': None, 'ament_gradle_task': None, 'build_base': '/home/misfit/test_ws/build/talker', 'catkin_cmake_args': None, 'catkin_skip_building_tests': False, 'cmake_args': None, 'cmake_clean_cache': False, 'cmake_clean_first': False, 'cmake_force_configure': False, 'cmake_target': None, 'cmake_target_skip_unavailable': False, 'gradle_args': None, 'gradle_task': None, 'install_base': '/home/misfit/test_ws/install/talker', 'merge_install': False, 'path': '/home/misfit/test_ws/src/talker/talker', 'symlink_install': False, 'test_result_base': None}
[0.543s] INFO:colcon.colcon_core.executor:Executing jobs using 'parallel' executor
[0.547s] DEBUG:colcon.colcon_parallel_executor.executor.parallel:run_until_complete
[0.548s] INFO:colcon.colcon_ros.task.ament_python.build:Building ROS package in '/home/misfit/test_ws/src/listener' with build type 'ament_python'
[0.548s] Level 1:colcon.colcon_core.shell:create_environment_hook('listener', 'ament_prefix_path')
[0.553s] INFO:colcon.colcon_core.plugin_system:Skipping extension 'colcon_core.shell.bat': Not used on non-Windows systems
[0.553s] INFO:colcon.colcon_core.shell:Creating environment hook '/home/misfit/test_ws/install/listener/share/listener/hook/ament_prefix_path.ps1'
[0.554s] INFO:colcon.colcon_core.shell:Creating environment descriptor '/home/misfit/test_ws/install/listener/share/listener/hook/ament_prefix_path.dsv'
[0.554s] INFO:colcon.colcon_core.shell:Creating environment hook '/home/misfit/test_ws/install/listener/share/listener/hook/ament_prefix_path.sh'
[0.556s] INFO:colcon.colcon_core.shell:Skip shell extension 'powershell' for command environment: Not usable outside of PowerShell
[0.556s] DEBUG:colcon.colcon_core.shell:Skip shell extension 'dsv' for command environment
[0.561s] INFO:colcon.colcon_ros.task.ament_python.build:Building ROS package in '/home/misfit/test_ws/src/practice' with build type 'ament_python'
[0.561s] Level 1:colcon.colcon_core.shell:create_environment_hook('practice', 'ament_prefix_path')
[0.563s] INFO:colcon.colcon_core.shell:Creating environment hook '/home/misfit/test_ws/install/practice/share/practice/hook/ament_prefix_path.ps1'
[0.564s] INFO:colcon.colcon_core.shell:Creating environment descriptor '/home/misfit/test_ws/install/practice/share/practice/hook/ament_prefix_path.dsv'
[0.565s] INFO:colcon.colcon_core.shell:Creating environment hook '/home/misfit/test_ws/install/practice/share/practice/hook/ament_prefix_path.sh'
[0.567s] INFO:colcon.colcon_core.shell:Skip shell extension 'powershell' for command environment: Not usable outside of PowerShell
[0.567s] DEBUG:colcon.colcon_core.shell:Skip shell extension 'dsv' for command environment
[0.572s] INFO:colcon.colcon_ros.task.ament_python.build:Building ROS package in '/home/misfit/test_ws/src/talker/talker' with build type 'ament_python'
[0.572s] Level 1:colcon.colcon_core.shell:create_environment_hook('talker', 'ament_prefix_path')
[0.574s] INFO:colcon.colcon_core.shell:Creating environment hook '/home/misfit/test_ws/install/talker/share/talker/hook/ament_prefix_path.ps1'
[0.575s] INFO:colcon.colcon_core.shell:Creating environment descriptor '/home/misfit/test_ws/install/talker/share/talker/hook/ament_prefix_path.dsv'
[0.575s] INFO:colcon.colcon_core.shell:Creating environment hook '/home/misfit/test_ws/install/talker/share/talker/hook/ament_prefix_path.sh'
[0.577s] INFO:colcon.colcon_core.shell:Skip shell extension 'powershell' for command environment: Not usable outside of PowerShell
[0.578s] DEBUG:colcon.colcon_core.shell:Skip shell extension 'dsv' for command environment
[0.865s] INFO:colcon.colcon_core.task.python.build:Building Python package in '/home/misfit/test_ws/src/listener'
[0.867s] INFO:colcon.colcon_core.shell:Skip shell extension 'powershell' for command environment: Not usable outside of PowerShell
[0.868s] DEBUG:colcon.colcon_core.shell:Skip shell extension 'dsv' for command environment
[1.162s] INFO:colcon.colcon_core.task.python.build:Building Python package in '/home/misfit/test_ws/src/practice'
[1.164s] INFO:colcon.colcon_core.shell:Skip shell extension 'powershell' for command environment: Not usable outside of PowerShell
[1.164s] DEBUG:colcon.colcon_core.shell:Skip shell extension 'dsv' for command environment
[1.443s] INFO:colcon.colcon_core.task.python.build:Building Python package in '/home/misfit/test_ws/src/talker/talker'
[1.445s] INFO:colcon.colcon_core.shell:Skip shell extension 'powershell' for command environment: Not usable outside of PowerShell
[1.445s] DEBUG:colcon.colcon_core.shell:Skip shell extension 'dsv' for command environment
[1.831s] DEBUG:colcon.colcon_core.event_handler.log_command:Invoking command in '/home/misfit/test_ws/src/practice': PYTHONPATH=/home/misfit/test_ws/install/practice/lib/python3.10/site-packages:${PYTHONPATH} /usr/bin/python3 setup.py egg_info --egg-base ../../build/practice build --build-base /home/misfit/test_ws/build/practice/build install --prefix /home/misfit/test_ws/install/practice --record /home/misfit/test_ws/build/practice/install.log --single-version-externally-managed
[1.835s] DEBUG:colcon.colcon_core.event_handler.log_command:Invoking command in '/home/misfit/test_ws/src/talker/talker': PYTHONPATH=/home/misfit/test_ws/install/talker/lib/python3.10/site-packages:${PYTHONPATH} /usr/bin/python3 setup.py egg_info --egg-base ../../../build/talker build --build-base /home/misfit/test_ws/build/talker/build install --prefix /home/misfit/test_ws/install/talker --record /home/misfit/test_ws/build/talker/install.log --single-version-externally-managed
[1.838s] DEBUG:colcon.colcon_core.event_handler.log_command:Invoking command in '/home/misfit/test_ws/src/listener': PYTHONPATH=/home/misfit/test_ws/install/listener/lib/python3.10/site-packages:${PYTHONPATH} /usr/bin/python3 setup.py egg_info --egg-base ../../build/listener build --build-base /home/misfit/test_ws/build/listener/build install --prefix /home/misfit/test_ws/install/listener --record /home/misfit/test_ws/build/listener/install.log --single-version-externally-managed
[2.159s] DEBUG:colcon.colcon_core.event_handler.log_command:Invoked command in '/home/misfit/test_ws/src/practice' returned '0': PYTHONPATH=/home/misfit/test_ws/install/practice/lib/python3.10/site-packages:${PYTHONPATH} /usr/bin/python3 setup.py egg_info --egg-base ../../build/practice build --build-base /home/misfit/test_ws/build/practice/build install --prefix /home/misfit/test_ws/install/practice --record /home/misfit/test_ws/build/practice/install.log --single-version-externally-managed
[2.164s] Level 1:colcon.colcon_core.environment:checking '/home/misfit/test_ws/install/practice' for CMake module files
[2.164s] Level 1:colcon.colcon_core.environment:checking '/home/misfit/test_ws/install/practice' for CMake config files
[2.165s] Level 1:colcon.colcon_core.environment:checking '/home/misfit/test_ws/install/practice/lib'
[2.165s] Level 1:colcon.colcon_core.environment:checking '/home/misfit/test_ws/install/practice/bin'
[2.165s] Level 1:colcon.colcon_core.environment:checking '/home/misfit/test_ws/install/practice/lib/pkgconfig/practice.pc'
[2.165s] Level 1:colcon.colcon_core.environment:checking '/home/misfit/test_ws/install/practice/lib/python3.10/site-packages'
[2.165s] Level 1:colcon.colcon_core.shell:create_environment_hook('practice', 'pythonpath')
[2.167s] INFO:colcon.colcon_core.shell:Creating environment hook '/home/misfit/test_ws/install/practice/share/practice/hook/pythonpath.ps1'
[2.167s] INFO:colcon.colcon_core.shell:Creating environment descriptor '/home/misfit/test_ws/install/practice/share/practice/hook/pythonpath.dsv'
[2.167s] INFO:colcon.colcon_core.shell:Creating environment hook '/home/misfit/test_ws/install/practice/share/practice/hook/pythonpath.sh'
[2.168s] Level 1:colcon.colcon_core.environment:checking '/home/misfit/test_ws/install/practice/bin'
[2.168s] Level 1:colcon.colcon_core.environment:create_environment_scripts_only(practice)
[2.169s] INFO:colcon.colcon_core.shell:Creating package script '/home/misfit/test_ws/install/practice/share/practice/package.ps1'
[2.171s] INFO:colcon.colcon_core.shell:Creating package descriptor '/home/misfit/test_ws/install/practice/share/practice/package.dsv'
[2.171s] INFO:colcon.colcon_core.shell:Creating package script '/home/misfit/test_ws/install/practice/share/practice/package.sh'
[2.172s] INFO:colcon.colcon_core.shell:Creating package script '/home/misfit/test_ws/install/practice/share/practice/package.bash'
[2.173s] INFO:colcon.colcon_core.shell:Creating package script '/home/misfit/test_ws/install/practice/share/practice/package.zsh'
[2.173s] Level 1:colcon.colcon_core.environment:create_file_with_runtime_dependencies(/home/misfit/test_ws/install/practice/share/colcon-core/packages/practice)
[2.180s] Level 1:colcon.colcon_core.environment:checking '/home/misfit/test_ws/install/talker' for CMake module files
[2.180s] Level 1:colcon.colcon_core.environment:checking '/home/misfit/test_ws/install/talker' for CMake config files
[2.180s] Level 1:colcon.colcon_core.environment:checking '/home/misfit/test_ws/install/talker/lib'
[2.181s] Level 1:colcon.colcon_core.environment:checking '/home/misfit/test_ws/install/talker/bin'
[2.181s] Level 1:colcon.colcon_core.environment:checking '/home/misfit/test_ws/install/talker/lib/pkgconfig/talker.pc'
[2.181s] Level 1:colcon.colcon_core.environment:checking '/home/misfit/test_ws/install/talker/lib/python3.10/site-packages'
[2.181s] Level 1:colcon.colcon_core.shell:create_environment_hook('talker', 'pythonpath')
[2.183s] INFO:colcon.colcon_core.shell:Creating environment hook '/home/misfit/test_ws/install/talker/share/talker/hook/pythonpath.ps1'
[2.184s] DEBUG:colcon.colcon_core.event_handler.log_command:Invoked command in '/home/misfit/test_ws/src/talker/talker' returned '0': PYTHONPATH=/home/misfit/test_ws/install/talker/lib/python3.10/site-packages:${PYTHONPATH} /usr/bin/python3 setup.py egg_info --egg-base ../../../build/talker build --build-base /home/misfit/test_ws/build/talker/build install --prefix /home/misfit/test_ws/install/talker --record /home/misfit/test_ws/build/talker/install.log --single-version-externally-managed
[2.184s] INFO:colcon.colcon_core.shell:Creating environment descriptor '/home/misfit/test_ws/install/talker/share/talker/hook/pythonpath.dsv'
[2.185s] INFO:colcon.colcon_core.shell:Creating environment hook '/home/misfit/test_ws/install/talker/share/talker/hook/pythonpath.sh'
[2.185s] Level 1:colcon.colcon_core.environment:checking '/home/misfit/test_ws/install/talker/bin'
[2.185s] Level 1:colcon.colcon_core.environment:create_environment_scripts_only(talker)
[2.187s] INFO:colcon.colcon_core.shell:Creating package script '/home/misfit/test_ws/install/talker/share/talker/package.ps1'
[2.187s] INFO:colcon.colcon_core.shell:Creating package descriptor '/home/misfit/test_ws/install/talker/share/talker/package.dsv'
[2.187s] INFO:colcon.colcon_core.shell:Creating package script '/home/misfit/test_ws/install/talker/share/talker/package.sh'
[2.188s] INFO:colcon.colcon_core.shell:Creating package script '/home/misfit/test_ws/install/talker/share/talker/package.bash'
[2.188s] INFO:colcon.colcon_core.shell:Creating package script '/home/misfit/test_ws/install/talker/share/talker/package.zsh'
[2.188s] Level 1:colcon.colcon_core.environment:create_file_with_runtime_dependencies(/home/misfit/test_ws/install/talker/share/colcon-core/packages/talker)
[2.191s] Level 1:colcon.colcon_core.environment:checking '/home/misfit/test_ws/install/listener' for CMake module files
[2.192s] Level 1:colcon.colcon_core.environment:checking '/home/misfit/test_ws/install/listener' for CMake config files
[2.193s] DEBUG:colcon.colcon_core.event_handler.log_command:Invoked command in '/home/misfit/test_ws/src/listener' returned '0': PYTHONPATH=/home/misfit/test_ws/install/listener/lib/python3.10/site-packages:${PYTHONPATH} /usr/bin/python3 setup.py egg_info --egg-base ../../build/listener build --build-base /home/misfit/test_ws/build/listener/build install --prefix /home/misfit/test_ws/install/listener --record /home/misfit/test_ws/build/listener/install.log --single-version-externally-managed
[2.193s] Level 1:colcon.colcon_core.environment:checking '/home/misfit/test_ws/install/listener/lib'
[2.193s] Level 1:colcon.colcon_core.environment:checking '/home/misfit/test_ws/install/listener/bin'
[2.193s] Level 1:colcon.colcon_core.environment:checking '/home/misfit/test_ws/install/listener/lib/pkgconfig/listener.pc'
[2.193s] Level 1:colcon.colcon_core.environment:checking '/home/misfit/test_ws/install/listener/lib/python3.10/site-packages'
[2.193s] Level 1:colcon.colcon_core.shell:create_environment_hook('listener', 'pythonpath')
[2.195s] INFO:colcon.colcon_core.shell:Creating environment hook '/home/misfit/test_ws/install/listener/share/listener/hook/pythonpath.ps1'
[2.195s] INFO:colcon.colcon_core.shell:Creating environment descriptor '/home/misfit/test_ws/install/listener/share/listener/hook/pythonpath.dsv'
[2.196s] INFO:colcon.colcon_core.shell:Creating environment hook '/home/misfit/test_ws/install/listener/share/listener/hook/pythonpath.sh'
[2.196s] Level 1:colcon.colcon_core.environment:checking '/home/misfit/test_ws/install/listener/bin'
[2.196s] Level 1:colcon.colcon_core.environment:create_environment_scripts_only(listener)
[2.198s] INFO:colcon.colcon_core.shell:Creating package script '/home/misfit/test_ws/install/listener/share/listener/package.ps1'
[2.199s] INFO:colcon.colcon_core.shell:Creating package descriptor '/home/misfit/test_ws/install/listener/share/listener/package.dsv'
[2.199s] INFO:colcon.colcon_core.shell:Creating package script '/home/misfit/test_ws/install/listener/share/listener/package.sh'
[2.199s] INFO:colcon.colcon_core.shell:Creating package script '/home/misfit/test_ws/install/listener/share/listener/package.bash'
[2.200s] INFO:colcon.colcon_core.shell:Creating package script '/home/misfit/test_ws/install/listener/share/listener/package.zsh'
[2.200s] Level 1:colcon.colcon_core.environment:create_file_with_runtime_dependencies(/home/misfit/test_ws/install/listener/share/colcon-core/packages/listener)
[2.200s] DEBUG:colcon.colcon_parallel_executor.executor.parallel:closing loop
[2.201s] DEBUG:colcon.colcon_parallel_executor.executor.parallel:loop closed
[2.201s] DEBUG:colcon.colcon_parallel_executor.executor.parallel:run_until_complete finished with '0'
[2.201s] DEBUG:colcon.colcon_core.event_reactor:joining thread
[2.209s] INFO:colcon.colcon_core.plugin_system:Skipping extension 'colcon_notification.desktop_notification.terminal_notifier': Not used on non-Darwin systems
[2.209s] INFO:colcon.colcon_core.plugin_system:Skipping extension 'colcon_notification.desktop_notification.win32': Not used on non-Windows systems
[2.210s] INFO:colcon.colcon_notification.desktop_notification:Sending desktop notification using 'notify2'
[2.226s] DEBUG:colcon.colcon_core.event_reactor:joined thread
[2.228s] INFO:colcon.colcon_core.shell:Creating prefix script '/home/misfit/test_ws/install/local_setup.ps1'
[2.229s] INFO:colcon.colcon_core.shell:Creating prefix util module '/home/misfit/test_ws/install/_local_setup_util_ps1.py'
[2.231s] INFO:colcon.colcon_core.shell:Creating prefix chain script '/home/misfit/test_ws/install/setup.ps1'
[2.234s] INFO:colcon.colcon_core.shell:Creating prefix script '/home/misfit/test_ws/install/local_setup.sh'
[2.235s] INFO:colcon.colcon_core.shell:Creating prefix util module '/home/misfit/test_ws/install/_local_setup_util_sh.py'
[2.235s] INFO:colcon.colcon_core.shell:Creating prefix chain script '/home/misfit/test_ws/install/setup.sh'
[2.239s] INFO:colcon.colcon_core.shell:Creating prefix script '/home/misfit/test_ws/install/local_setup.bash'
[2.240s] INFO:colcon.colcon_core.shell:Creating prefix chain script '/home/misfit/test_ws/install/setup.bash'
[2.242s] INFO:colcon.colcon_core.shell:Creating prefix script '/home/misfit/test_ws/install/local_setup.zsh'
[2.243s] INFO:colcon.colcon_core.shell:Creating prefix chain script '/home/misfit/test_ws/install/setup.zsh'
