[0.660s] Invoking command in '/home/misfit/test_ws/src/talker/talker': PYTHONPATH=/home/misfit/test_ws/src/talker/install/talker/lib/python3.10/site-packages:${PYTHONPATH} /usr/bin/python3 setup.py egg_info --egg-base ../build/talker build --build-base /home/misfit/test_ws/src/talker/build/talker/build install --prefix /home/misfit/test_ws/src/talker/install/talker --record /home/misfit/test_ws/src/talker/build/talker/install.log --single-version-externally-managed
[0.892s] running egg_info
[0.893s] writing ../build/talker/talker.egg-info/PKG-INFO
[0.893s] writing dependency_links to ../build/talker/talker.egg-info/dependency_links.txt
[0.893s] writing entry points to ../build/talker/talker.egg-info/entry_points.txt
[0.894s] writing requirements to ../build/talker/talker.egg-info/requires.txt
[0.894s] writing top-level names to ../build/talker/talker.egg-info/top_level.txt
[0.895s] reading manifest file '../build/talker/talker.egg-info/SOURCES.txt'
[0.896s] writing manifest file '../build/talker/talker.egg-info/SOURCES.txt'
[0.896s] running build
[0.896s] running build_py
[0.896s] running install
[0.896s] /usr/lib/python3/dist-packages/setuptools/command/install.py:34: SetuptoolsDeprecationWarning: setup.py install is deprecated. Use build and pip and other standards-based tools.
[0.897s]   warnings.warn(
[0.897s] running install_lib
[0.898s] running install_data
[0.898s] running install_egg_info
[0.900s] removing '/home/misfit/test_ws/src/talker/install/talker/lib/python3.10/site-packages/talker-0.0.0-py3.10.egg-info' (and everything under it)
[0.900s] Copying ../build/talker/talker.egg-info to /home/misfit/test_ws/src/talker/install/talker/lib/python3.10/site-packages/talker-0.0.0-py3.10.egg-info
[0.901s] running install_scripts
[0.921s] Installing talker script to /home/misfit/test_ws/src/talker/install/talker/lib/talker
[0.921s] writing list of installed files to '/home/misfit/test_ws/src/talker/build/talker/install.log'
[0.954s] Invoked command in '/home/misfit/test_ws/src/talker/talker' returned '0': PYTHONPATH=/home/misfit/test_ws/src/talker/install/talker/lib/python3.10/site-packages:${PYTHONPATH} /usr/bin/python3 setup.py egg_info --egg-base ../build/talker build --build-base /home/misfit/test_ws/src/talker/build/talker/build install --prefix /home/misfit/test_ws/src/talker/install/talker --record /home/misfit/test_ws/src/talker/build/talker/install.log --single-version-externally-managed
